<?xml version="1.0" encoding="UTF-8"?>
<coverage generated="1592915923855" clover="3.2.0">
  <project timestamp="1592915923855" name="All files">
    <metrics statements="524" coveredstatements="129" conditionals="422" coveredconditionals="86" methods="64" coveredmethods="11" elements="1010" coveredelements="226" complexity="0" loc="524" ncloc="524" packages="3" files="6" classes="6"/>
    <package name="integrations">
      <metrics statements="11" coveredstatements="2" conditionals="0" coveredconditionals="0" methods="1" coveredmethods="0"/>
      <file name="ScriptLoader.js" path="/Users/sayanmitra/Desktop/rudder-sdk-master/js/rudder-sdk-js/integrations/ScriptLoader.js">
        <metrics statements="9" coveredstatements="0" conditionals="0" coveredconditionals="0" methods="1" coveredmethods="0"/>
        <line num="3" count="0" type="stmt"/>
        <line num="4" count="0" type="stmt"/>
        <line num="5" count="0" type="stmt"/>
        <line num="6" count="0" type="stmt"/>
        <line num="7" count="0" type="stmt"/>
        <line num="8" count="0" type="stmt"/>
        <line num="9" count="0" type="stmt"/>
        <line num="10" count="0" type="stmt"/>
        <line num="11" count="0" type="stmt"/>
      </file>
      <file name="client_server_name.js" path="/Users/sayanmitra/Desktop/rudder-sdk-master/js/rudder-sdk-js/integrations/client_server_name.js">
        <metrics statements="1" coveredstatements="1" conditionals="0" coveredconditionals="0" methods="0" coveredmethods="0"/>
        <line num="3" count="1" type="stmt"/>
      </file>
      <file name="integration_cname.js" path="/Users/sayanmitra/Desktop/rudder-sdk-master/js/rudder-sdk-js/integrations/integration_cname.js">
        <metrics statements="1" coveredstatements="1" conditionals="0" coveredconditionals="0" methods="0" coveredmethods="0"/>
        <line num="3" count="1" type="stmt"/>
      </file>
    </package>
    <package name="integrations.GA">
      <metrics statements="340" coveredstatements="114" conditionals="271" coveredconditionals="83" methods="32" coveredmethods="10"/>
      <file name="browser.js" path="/Users/sayanmitra/Desktop/rudder-sdk-master/js/rudder-sdk-js/integrations/GA/browser.js">
        <metrics statements="340" coveredstatements="114" conditionals="271" coveredconditionals="83" methods="32" coveredmethods="10"/>
        <line num="11" count="8" type="stmt"/>
        <line num="12" count="8" type="cond" truecount="2" falsecount="0"/>
        <line num="13" count="8" type="cond" truecount="2" falsecount="0"/>
        <line num="14" count="8" type="cond" truecount="2" falsecount="0"/>
        <line num="15" count="8" type="cond" truecount="2" falsecount="0"/>
        <line num="16" count="8" type="cond" truecount="2" falsecount="0"/>
        <line num="17" count="8" type="cond" truecount="2" falsecount="0"/>
        <line num="18" count="8" type="cond" truecount="2" falsecount="0"/>
        <line num="20" count="8" type="cond" truecount="2" falsecount="0"/>
        <line num="21" count="8" type="cond" truecount="2" falsecount="0"/>
        <line num="22" count="8" type="cond" truecount="2" falsecount="0"/>
        <line num="23" count="8" type="cond" truecount="2" falsecount="0"/>
        <line num="25" count="8" type="cond" truecount="2" falsecount="0"/>
        <line num="26" count="8" type="cond" truecount="2" falsecount="0"/>
        <line num="27" count="8" type="cond" truecount="2" falsecount="0"/>
        <line num="28" count="8" type="cond" truecount="2" falsecount="0"/>
        <line num="29" count="8" type="cond" truecount="2" falsecount="0"/>
        <line num="30" count="8" type="cond" truecount="2" falsecount="0"/>
        <line num="31" count="8" type="cond" truecount="2" falsecount="0"/>
        <line num="32" count="8" type="cond" truecount="2" falsecount="0"/>
        <line num="33" count="8" type="stmt"/>
        <line num="34" count="8" type="stmt"/>
        <line num="35" count="8" type="stmt"/>
        <line num="36" count="8" type="stmt"/>
        <line num="45" count="0" type="stmt"/>
        <line num="52" count="8" type="stmt"/>
        <line num="53" count="8" type="stmt"/>
        <line num="54" count="8" type="stmt"/>
        <line num="55" count="0" type="stmt"/>
        <line num="57" count="8" type="stmt"/>
        <line num="58" count="8" type="stmt"/>
        <line num="59" count="0" type="stmt"/>
        <line num="61" count="8" type="stmt"/>
        <line num="62" count="8" type="stmt"/>
        <line num="63" count="0" type="stmt"/>
        <line num="66" count="8" type="stmt"/>
        <line num="67" count="8" type="stmt"/>
        <line num="70" count="8" type="cond" truecount="2" falsecount="0"/>
        <line num="71" count="8" type="stmt"/>
        <line num="73" count="8" type="stmt"/>
        <line num="104" count="8" type="stmt"/>
        <line num="113" count="8" type="stmt"/>
        <line num="115" count="8" type="cond" truecount="1" falsecount="1"/>
        <line num="116" count="0" type="stmt"/>
        <line num="119" count="8" type="cond" truecount="1" falsecount="1"/>
        <line num="120" count="8" type="stmt"/>
        <line num="121" count="8" type="stmt"/>
        <line num="124" count="8" type="cond" truecount="1" falsecount="1"/>
        <line num="125" count="0" type="stmt"/>
        <line num="129" count="8" type="cond" truecount="1" falsecount="1"/>
        <line num="130" count="0" type="stmt"/>
        <line num="134" count="8" type="cond" truecount="1" falsecount="1"/>
        <line num="135" count="0" type="stmt"/>
        <line num="138" count="8" type="stmt"/>
        <line num="143" count="0" type="cond" truecount="0" falsecount="4"/>
        <line num="144" count="0" type="stmt"/>
        <line num="148" count="0" type="stmt"/>
        <line num="155" count="0" type="stmt"/>
        <line num="157" count="0" type="cond" truecount="0" falsecount="2"/>
        <line num="159" count="0" type="stmt"/>
        <line num="163" count="4" type="stmt"/>
        <line num="165" count="4" type="stmt"/>
        <line num="167" count="4" type="cond" truecount="2" falsecount="2"/>
        <line num="168" count="0" type="stmt"/>
        <line num="169" count="0" type="stmt"/>
        <line num="170" count="0" type="stmt"/>
        <line num="171" count="0" type="stmt"/>
        <line num="174" count="0" type="cond" truecount="0" falsecount="2"/>
        <line num="177" count="0" type="stmt"/>
        <line num="187" count="0" type="stmt"/>
        <line num="188" count="0" type="stmt"/>
        <line num="190" count="0" type="stmt"/>
        <line num="201" count="0" type="stmt"/>
        <line num="204" count="4" type="cond" truecount="1" falsecount="1"/>
        <line num="205" count="0" type="cond" truecount="0" falsecount="15"/>
        <line num="209" count="0" type="stmt"/>
        <line num="210" count="0" type="stmt"/>
        <line num="211" count="0" type="stmt"/>
        <line num="213" count="0" type="stmt"/>
        <line num="217" count="0" type="stmt"/>
        <line num="218" count="0" type="stmt"/>
        <line num="219" count="0" type="stmt"/>
        <line num="221" count="0" type="stmt"/>
        <line num="224" count="0" type="stmt"/>
        <line num="229" count="0" type="stmt"/>
        <line num="230" count="0" type="stmt"/>
        <line num="232" count="0" type="stmt"/>
        <line num="233" count="0" type="stmt"/>
        <line num="235" count="0" type="cond" truecount="0" falsecount="2"/>
        <line num="237" count="0" type="stmt"/>
        <line num="242" count="0" type="stmt"/>
        <line num="247" count="0" type="stmt"/>
        <line num="248" count="0" type="stmt"/>
        <line num="249" count="0" type="stmt"/>
        <line num="252" count="0" type="cond" truecount="0" falsecount="3"/>
        <line num="255" count="0" type="stmt"/>
        <line num="256" count="0" type="stmt"/>
        <line num="257" count="0" type="stmt"/>
        <line num="259" count="0" type="cond" truecount="0" falsecount="2"/>
        <line num="261" count="0" type="stmt"/>
        <line num="266" count="0" type="stmt"/>
        <line num="267" count="0" type="stmt"/>
        <line num="268" count="0" type="stmt"/>
        <line num="269" count="0" type="stmt"/>
        <line num="271" count="0" type="stmt"/>
        <line num="280" count="0" type="stmt"/>
        <line num="281" count="0" type="stmt"/>
        <line num="283" count="0" type="stmt"/>
        <line num="284" count="0" type="stmt"/>
        <line num="285" count="0" type="stmt"/>
        <line num="287" count="0" type="cond" truecount="0" falsecount="2"/>
        <line num="289" count="0" type="stmt"/>
        <line num="294" count="0" type="stmt"/>
        <line num="295" count="0" type="stmt"/>
        <line num="296" count="0" type="stmt"/>
        <line num="305" count="0" type="stmt"/>
        <line num="309" count="0" type="stmt"/>
        <line num="310" count="0" type="stmt"/>
        <line num="312" count="0" type="stmt"/>
        <line num="316" count="0" type="stmt"/>
        <line num="322" count="0" type="stmt"/>
        <line num="323" count="0" type="stmt"/>
        <line num="325" count="0" type="stmt"/>
        <line num="329" count="0" type="stmt"/>
        <line num="335" count="0" type="stmt"/>
        <line num="336" count="0" type="stmt"/>
        <line num="338" count="0" type="stmt"/>
        <line num="339" count="0" type="stmt"/>
        <line num="340" count="0" type="stmt"/>
        <line num="345" count="0" type="cond" truecount="0" falsecount="2"/>
        <line num="346" count="0" type="stmt"/>
        <line num="352" count="0" type="stmt"/>
        <line num="353" count="0" type="stmt"/>
        <line num="355" count="0" type="stmt"/>
        <line num="356" count="0" type="stmt"/>
        <line num="357" count="0" type="stmt"/>
        <line num="362" count="0" type="cond" truecount="0" falsecount="2"/>
        <line num="363" count="0" type="stmt"/>
        <line num="369" count="0" type="stmt"/>
        <line num="370" count="0" type="stmt"/>
        <line num="372" count="0" type="stmt"/>
        <line num="374" count="0" type="stmt"/>
        <line num="378" count="0" type="stmt"/>
        <line num="384" count="0" type="stmt"/>
        <line num="385" count="0" type="stmt"/>
        <line num="387" count="0" type="stmt"/>
        <line num="388" count="0" type="stmt"/>
        <line num="393" count="0" type="stmt"/>
        <line num="399" count="0" type="stmt"/>
        <line num="400" count="0" type="stmt"/>
        <line num="401" count="0" type="stmt"/>
        <line num="403" count="0" type="stmt"/>
        <line num="404" count="0" type="stmt"/>
        <line num="406" count="0" type="stmt"/>
        <line num="411" count="0" type="stmt"/>
        <line num="412" count="0" type="stmt"/>
        <line num="413" count="0" type="cond" truecount="0" falsecount="2"/>
        <line num="417" count="0" type="stmt"/>
        <line num="418" count="0" type="stmt"/>
        <line num="428" count="0" type="stmt"/>
        <line num="438" count="0" type="stmt"/>
        <line num="439" count="0" type="cond" truecount="0" falsecount="2"/>
        <line num="441" count="0" type="stmt"/>
        <line num="443" count="0" type="stmt"/>
        <line num="444" count="0" type="stmt"/>
        <line num="446" count="0" type="stmt"/>
        <line num="447" count="0" type="stmt"/>
        <line num="448" count="0" type="cond" truecount="0" falsecount="2"/>
        <line num="449" count="0" type="cond" truecount="0" falsecount="2"/>
        <line num="450" count="0" type="stmt"/>
        <line num="452" count="0" type="stmt"/>
        <line num="455" count="0" type="stmt"/>
        <line num="457" count="0" type="stmt"/>
        <line num="461" count="0" type="stmt"/>
        <line num="466" count="0" type="stmt"/>
        <line num="467" count="0" type="stmt"/>
        <line num="469" count="0" type="cond" truecount="0" falsecount="2"/>
        <line num="473" count="0" type="stmt"/>
        <line num="476" count="0" type="stmt"/>
        <line num="487" count="0" type="stmt"/>
        <line num="497" count="0" type="stmt"/>
        <line num="498" count="0" type="cond" truecount="0" falsecount="2"/>
        <line num="500" count="0" type="stmt"/>
        <line num="502" count="0" type="stmt"/>
        <line num="503" count="0" type="stmt"/>
        <line num="505" count="0" type="stmt"/>
        <line num="506" count="0" type="cond" truecount="0" falsecount="2"/>
        <line num="507" count="0" type="stmt"/>
        <line num="509" count="0" type="stmt"/>
        <line num="510" count="0" type="stmt"/>
        <line num="511" count="0" type="stmt"/>
        <line num="512" count="0" type="stmt"/>
        <line num="513" count="0" type="cond" truecount="0" falsecount="2"/>
        <line num="514" count="0" type="cond" truecount="0" falsecount="2"/>
        <line num="519" count="0" type="stmt"/>
        <line num="531" count="0" type="stmt"/>
        <line num="533" count="0" type="cond" truecount="0" falsecount="2"/>
        <line num="534" count="0" type="cond" truecount="0" falsecount="2"/>
        <line num="535" count="0" type="cond" truecount="0" falsecount="2"/>
        <line num="536" count="0" type="cond" truecount="0" falsecount="2"/>
        <line num="537" count="0" type="cond" truecount="0" falsecount="2"/>
        <line num="538" count="0" type="cond" truecount="0" falsecount="2"/>
        <line num="541" count="0" type="stmt"/>
        <line num="549" count="0" type="stmt"/>
        <line num="550" count="0" type="stmt"/>
        <line num="554" count="4" type="stmt"/>
        <line num="555" count="4" type="cond" truecount="2" falsecount="0"/>
        <line num="556" count="4" type="stmt"/>
        <line num="558" count="4" type="stmt"/>
        <line num="559" count="4" type="stmt"/>
        <line num="560" count="4" type="stmt"/>
        <line num="561" count="4" type="stmt"/>
        <line num="562" count="4" type="cond" truecount="1" falsecount="1"/>
        <line num="563" count="4" type="cond" truecount="2" falsecount="0"/>
        <line num="568" count="4" type="stmt"/>
        <line num="580" count="4" type="stmt"/>
        <line num="582" count="4" type="cond" truecount="1" falsecount="1"/>
        <line num="583" count="0" type="cond" truecount="0" falsecount="2"/>
        <line num="584" count="0" type="cond" truecount="0" falsecount="2"/>
        <line num="585" count="0" type="cond" truecount="0" falsecount="2"/>
        <line num="586" count="0" type="cond" truecount="0" falsecount="2"/>
        <line num="587" count="0" type="cond" truecount="0" falsecount="2"/>
        <line num="590" count="4" type="stmt"/>
        <line num="598" count="4" type="stmt"/>
        <line num="599" count="4" type="stmt"/>
        <line num="604" count="1" type="stmt"/>
        <line num="606" count="1" type="stmt"/>
        <line num="607" count="1" type="stmt"/>
        <line num="608" count="1" type="stmt"/>
        <line num="609" count="1" type="stmt"/>
        <line num="610" count="1" type="stmt"/>
        <line num="611" count="1" type="stmt"/>
        <line num="612" count="1" type="cond" truecount="2" falsecount="0"/>
        <line num="614" count="1" type="cond" truecount="1" falsecount="1"/>
        <line num="618" count="0" type="stmt"/>
        <line num="619" count="1" type="cond" truecount="1" falsecount="1"/>
        <line num="620" count="0" type="stmt"/>
        <line num="621" count="1" type="cond" truecount="1" falsecount="1"/>
        <line num="622" count="1" type="stmt"/>
        <line num="623" count="0" type="stmt"/>
        <line num="625" count="1" type="stmt"/>
        <line num="626" count="1" type="stmt"/>
        <line num="627" count="1" type="stmt"/>
        <line num="629" count="1" type="cond" truecount="1" falsecount="1"/>
        <line num="630" count="0" type="cond" truecount="0" falsecount="2"/>
        <line num="631" count="0" type="cond" truecount="0" falsecount="2"/>
        <line num="632" count="0" type="cond" truecount="0" falsecount="2"/>
        <line num="633" count="0" type="cond" truecount="0" falsecount="2"/>
        <line num="634" count="0" type="cond" truecount="0" falsecount="2"/>
        <line num="643" count="1" type="stmt"/>
        <line num="644" count="1" type="stmt"/>
        <line num="645" count="0" type="stmt"/>
        <line num="646" count="0" type="cond" truecount="0" falsecount="2"/>
        <line num="647" count="0" type="stmt"/>
        <line num="651" count="1" type="stmt"/>
        <line num="654" count="1" type="stmt"/>
        <line num="658" count="1" type="stmt"/>
        <line num="662" count="1" type="cond" truecount="1" falsecount="1"/>
        <line num="664" count="1" type="stmt"/>
        <line num="666" count="1" type="cond" truecount="1" falsecount="1"/>
        <line num="668" count="1" type="stmt"/>
        <line num="671" count="1" type="cond" truecount="3" falsecount="1"/>
        <line num="672" count="1" type="stmt"/>
        <line num="676" count="1" type="cond" truecount="3" falsecount="1"/>
        <line num="677" count="1" type="stmt"/>
        <line num="679" count="1" type="stmt"/>
        <line num="683" count="0" type="stmt"/>
        <line num="685" count="0" type="stmt"/>
        <line num="689" count="0" type="stmt"/>
        <line num="712" count="5" type="stmt"/>
        <line num="714" count="5" type="stmt"/>
        <line num="715" count="15" type="stmt"/>
        <line num="716" count="0" type="stmt"/>
        <line num="717" count="0" type="cond" truecount="0" falsecount="2"/>
        <line num="718" count="0" type="cond" truecount="0" falsecount="4"/>
        <line num="722" count="5" type="stmt"/>
        <line num="726" count="4" type="cond" truecount="4" falsecount="0"/>
        <line num="727" count="2" type="stmt"/>
        <line num="735" count="5" type="stmt"/>
        <line num="736" count="5" type="stmt"/>
        <line num="737" count="5" type="stmt"/>
        <line num="738" count="0" type="stmt"/>
        <line num="740" count="5" type="stmt"/>
        <line num="741" count="5" type="stmt"/>
        <line num="742" count="0" type="stmt"/>
        <line num="744" count="5" type="stmt"/>
        <line num="745" count="5" type="stmt"/>
        <line num="746" count="0" type="stmt"/>
        <line num="748" count="5" type="stmt"/>
        <line num="754" count="5" type="cond" truecount="1" falsecount="1"/>
        <line num="755" count="0" type="cond" truecount="0" falsecount="2"/>
        <line num="756" count="0" type="stmt"/>
        <line num="758" count="0" type="stmt"/>
        <line num="759" count="0" type="stmt"/>
        <line num="761" count="0" type="stmt"/>
        <line num="773" count="1" type="cond" truecount="1" falsecount="1"/>
        <line num="774" count="1" type="stmt"/>
        <line num="775" count="1" type="cond" truecount="2" falsecount="2"/>
        <line num="776" count="1" type="stmt"/>
        <line num="785" count="0" type="cond" truecount="0" falsecount="2"/>
        <line num="786" count="0" type="stmt"/>
        <line num="788" count="0" type="stmt"/>
        <line num="797" count="0" type="cond" truecount="0" falsecount="2"/>
        <line num="798" count="0" type="stmt"/>
        <line num="799" count="0" type="stmt"/>
        <line num="802" count="0" type="stmt"/>
        <line num="803" count="0" type="stmt"/>
        <line num="812" count="0" type="stmt"/>
        <line num="813" count="0" type="stmt"/>
        <line num="814" count="0" type="stmt"/>
        <line num="816" count="0" type="stmt"/>
        <line num="817" count="0" type="stmt"/>
        <line num="818" count="0" type="stmt"/>
        <line num="820" count="0" type="stmt"/>
        <line num="821" count="0" type="stmt"/>
        <line num="822" count="0" type="stmt"/>
        <line num="825" count="0" type="stmt"/>
        <line num="827" count="0" type="stmt"/>
        <line num="838" count="0" type="cond" truecount="0" falsecount="2"/>
        <line num="839" count="0" type="stmt"/>
        <line num="842" count="0" type="stmt"/>
        <line num="843" count="0" type="cond" truecount="0" falsecount="2"/>
        <line num="844" count="0" type="stmt"/>
        <line num="854" count="0" type="stmt"/>
        <line num="865" count="0" type="stmt"/>
        <line num="866" count="0" type="cond" truecount="0" falsecount="2"/>
        <line num="874" count="0" type="stmt"/>
        <line num="890" count="0" type="stmt"/>
        <line num="891" count="0" type="stmt"/>
        <line num="893" count="0" type="cond" truecount="0" falsecount="2"/>
        <line num="894" count="0" type="stmt"/>
        <line num="897" count="0" type="stmt"/>
        <line num="905" count="0" type="stmt"/>
        <line num="907" count="0" type="cond" truecount="0" falsecount="2"/>
        <line num="912" count="0" type="stmt"/>
        <line num="915" count="0" type="stmt"/>
        <line num="918" count="0" type="stmt"/>
        <line num="929" count="0" type="stmt"/>
        <line num="934" count="0" type="stmt"/>
        <line num="935" count="0" type="cond" truecount="0" falsecount="2"/>
      </file>
    </package>
    <package name="utils">
      <metrics statements="173" coveredstatements="13" conditionals="151" coveredconditionals="3" methods="31" coveredmethods="1"/>
      <file name="logUtil.js" path="/Users/sayanmitra/Desktop/rudder-sdk-master/js/rudder-sdk-js/utils/logUtil.js">
        <metrics statements="21" coveredstatements="7" conditionals="11" coveredconditionals="1" methods="5" coveredmethods="1"/>
        <line num="1" count="1" type="stmt"/>
        <line num="2" count="1" type="stmt"/>
        <line num="3" count="1" type="stmt"/>
        <line num="4" count="1" type="stmt"/>
        <line num="5" count="1" type="stmt"/>
        <line num="7" count="1" type="stmt"/>
        <line num="10" count="0" type="cond" truecount="0" falsecount="3"/>
        <line num="12" count="0" type="stmt"/>
        <line num="13" count="0" type="stmt"/>
        <line num="15" count="0" type="stmt"/>
        <line num="16" count="0" type="stmt"/>
        <line num="18" count="0" type="stmt"/>
        <line num="19" count="0" type="stmt"/>
        <line num="24" count="0" type="cond" truecount="0" falsecount="2"/>
        <line num="25" count="0" type="stmt"/>
        <line num="30" count="13" type="cond" truecount="1" falsecount="1"/>
        <line num="31" count="0" type="stmt"/>
        <line num="36" count="0" type="cond" truecount="0" falsecount="2"/>
        <line num="37" count="0" type="stmt"/>
        <line num="42" count="0" type="cond" truecount="0" falsecount="2"/>
        <line num="43" count="0" type="stmt"/>
      </file>
      <file name="utils.js" path="/Users/sayanmitra/Desktop/rudder-sdk-master/js/rudder-sdk-js/utils/utils.js">
        <metrics statements="152" coveredstatements="6" conditionals="140" coveredconditionals="2" methods="26" coveredmethods="0"/>
        <line num="7" count="1" type="cond" truecount="1" falsecount="1"/>
        <line num="8" count="1" type="stmt"/>
        <line num="12" count="1" type="cond" truecount="1" falsecount="1"/>
        <line num="13" count="1" type="stmt"/>
        <line num="24" count="0" type="cond" truecount="0" falsecount="4"/>
        <line num="25" count="0" type="stmt"/>
        <line num="27" count="0" type="stmt"/>
        <line num="38" count="0" type="stmt"/>
        <line num="39" count="0" type="cond" truecount="0" falsecount="2"/>
        <line num="43" count="0" type="stmt"/>
        <line num="45" count="0" type="stmt"/>
        <line num="46" count="0" type="stmt"/>
        <line num="47" count="0" type="stmt"/>
        <line num="48" count="0" type="cond" truecount="0" falsecount="2"/>
        <line num="58" count="0" type="stmt"/>
        <line num="67" count="0" type="stmt"/>
        <line num="81" count="0" type="cond" truecount="0" falsecount="2"/>
        <line num="82" count="0" type="stmt"/>
        <line num="84" count="0" type="stmt"/>
        <line num="86" count="0" type="stmt"/>
        <line num="87" count="0" type="stmt"/>
        <line num="88" count="0" type="stmt"/>
        <line num="89" count="0" type="cond" truecount="0" falsecount="2"/>
        <line num="90" count="0" type="stmt"/>
        <line num="91" count="0" type="stmt"/>
        <line num="93" count="0" type="stmt"/>
        <line num="96" count="0" type="stmt"/>
        <line num="108" count="0" type="stmt"/>
        <line num="110" count="0" type="cond" truecount="0" falsecount="2"/>
        <line num="111" count="0" type="stmt"/>
        <line num="113" count="0" type="stmt"/>
        <line num="115" count="0" type="stmt"/>
        <line num="116" count="0" type="cond" truecount="0" falsecount="2"/>
        <line num="117" count="0" type="stmt"/>
        <line num="119" count="0" type="stmt"/>
        <line num="122" count="0" type="stmt"/>
        <line num="123" count="0" type="stmt"/>
        <line num="124" count="0" type="cond" truecount="0" falsecount="2"/>
        <line num="125" count="0" type="stmt"/>
        <line num="126" count="0" type="stmt"/>
        <line num="128" count="0" type="stmt"/>
        <line num="133" count="0" type="stmt"/>
        <line num="136" count="0" type="stmt"/>
        <line num="140" count="0" type="cond" truecount="0" falsecount="2"/>
        <line num="141" count="0" type="stmt"/>
        <line num="142" count="0" type="stmt"/>
        <line num="143" count="0" type="cond" truecount="0" falsecount="2"/>
        <line num="144" count="0" type="cond" truecount="0" falsecount="4"/>
        <line num="145" count="0" type="stmt"/>
        <line num="150" count="0" type="cond" truecount="0" falsecount="4"/>
        <line num="151" count="0" type="stmt"/>
        <line num="152" count="0" type="stmt"/>
        <line num="161" count="0" type="cond" truecount="0" falsecount="4"/>
        <line num="162" count="0" type="stmt"/>
        <line num="165" count="0" type="stmt"/>
        <line num="170" count="0" type="stmt"/>
        <line num="171" count="0" type="cond" truecount="0" falsecount="2"/>
        <line num="172" count="0" type="stmt"/>
        <line num="173" count="0" type="stmt"/>
        <line num="174" count="0" type="stmt"/>
        <line num="175" count="0" type="stmt"/>
        <line num="177" count="0" type="stmt"/>
        <line num="187" count="0" type="stmt"/>
        <line num="188" count="0" type="cond" truecount="0" falsecount="2"/>
        <line num="193" count="0" type="stmt"/>
        <line num="194" count="0" type="cond" truecount="0" falsecount="2"/>
        <line num="198" count="0" type="stmt"/>
        <line num="199" count="0" type="stmt"/>
        <line num="200" count="0" type="cond" truecount="0" falsecount="2"/>
        <line num="201" count="0" type="stmt"/>
        <line num="207" count="0" type="cond" truecount="0" falsecount="2"/>
        <line num="208" count="0" type="cond" truecount="0" falsecount="2"/>
        <line num="209" count="0" type="stmt"/>
        <line num="211" count="0" type="cond" truecount="0" falsecount="2"/>
        <line num="212" count="0" type="stmt"/>
        <line num="215" count="0" type="stmt"/>
        <line num="216" count="0" type="stmt"/>
        <line num="218" count="0" type="cond" truecount="0" falsecount="2"/>
        <line num="219" count="0" type="stmt"/>
        <line num="224" count="0" type="stmt"/>
        <line num="225" count="0" type="stmt"/>
        <line num="228" count="0" type="cond" truecount="0" falsecount="5"/>
        <line num="229" count="0" type="stmt"/>
        <line num="232" count="0" type="stmt"/>
        <line num="241" count="0" type="stmt"/>
        <line num="242" count="0" type="cond" truecount="0" falsecount="2"/>
        <line num="243" count="0" type="cond" truecount="0" falsecount="2"/>
        <line num="244" count="0" type="stmt"/>
        <line num="246" count="0" type="cond" truecount="0" falsecount="2"/>
        <line num="248" count="0" type="cond" truecount="0" falsecount="4"/>
        <line num="249" count="0" type="stmt"/>
        <line num="257" count="0" type="stmt"/>
        <line num="258" count="0" type="cond" truecount="0" falsecount="2"/>
        <line num="259" count="0" type="cond" truecount="0" falsecount="2"/>
        <line num="260" count="0" type="stmt"/>
        <line num="262" count="0" type="cond" truecount="0" falsecount="2"/>
        <line num="264" count="0" type="cond" truecount="0" falsecount="2"/>
        <line num="268" count="0" type="stmt"/>
        <line num="284" count="0" type="stmt"/>
        <line num="285" count="0" type="cond" truecount="0" falsecount="2"/>
        <line num="289" count="0" type="stmt"/>
        <line num="291" count="0" type="stmt"/>
        <line num="292" count="0" type="cond" truecount="0" falsecount="2"/>
        <line num="293" count="0" type="cond" truecount="0" falsecount="2"/>
        <line num="294" count="0" type="stmt"/>
        <line num="296" count="0" type="stmt"/>
        <line num="297" count="0" type="cond" truecount="0" falsecount="2"/>
        <line num="299" count="0" type="cond" truecount="0" falsecount="2"/>
        <line num="303" count="0" type="stmt"/>
        <line num="307" count="0" type="stmt"/>
        <line num="309" count="0" type="cond" truecount="0" falsecount="2"/>
        <line num="313" count="0" type="stmt"/>
        <line num="315" count="0" type="cond" truecount="0" falsecount="2"/>
        <line num="316" count="0" type="stmt"/>
        <line num="321" count="0" type="stmt"/>
        <line num="324" count="0" type="cond" truecount="0" falsecount="2"/>
        <line num="325" count="0" type="cond" truecount="0" falsecount="2"/>
        <line num="326" count="0" type="stmt"/>
        <line num="328" count="0" type="stmt"/>
        <line num="329" count="0" type="cond" truecount="0" falsecount="2"/>
        <line num="331" count="0" type="cond" truecount="0" falsecount="2"/>
        <line num="335" count="0" type="stmt"/>
        <line num="339" count="0" type="stmt"/>
        <line num="341" count="0" type="cond" truecount="0" falsecount="2"/>
        <line num="345" count="0" type="stmt"/>
        <line num="347" count="0" type="cond" truecount="0" falsecount="2"/>
        <line num="348" count="0" type="stmt"/>
        <line num="353" count="0" type="stmt"/>
        <line num="363" count="0" type="cond" truecount="0" falsecount="2"/>
        <line num="364" count="0" type="cond" truecount="0" falsecount="2"/>
        <line num="372" count="1" type="stmt"/>
        <line num="373" count="0" type="stmt"/>
        <line num="375" count="0" type="stmt"/>
        <line num="376" count="0" type="cond" truecount="0" falsecount="2"/>
        <line num="379" count="0" type="stmt"/>
        <line num="388" count="1" type="stmt"/>
        <line num="389" count="0" type="stmt"/>
        <line num="391" count="0" type="stmt"/>
        <line num="392" count="0" type="cond" truecount="0" falsecount="4"/>
        <line num="393" count="0" type="stmt"/>
        <line num="397" count="0" type="stmt"/>
        <line num="401" count="0" type="stmt"/>
        <line num="409" count="0" type="cond" truecount="0" falsecount="5"/>
        <line num="411" count="0" type="stmt"/>
        <line num="413" count="0" type="stmt"/>
        <line num="415" count="0" type="stmt"/>
        <line num="417" count="0" type="stmt"/>
        <line num="419" count="0" type="stmt"/>
        <line num="422" count="0" type="cond" truecount="0" falsecount="2"/>
        <line num="423" count="0" type="cond" truecount="0" falsecount="2"/>
        <line num="424" count="0" type="cond" truecount="0" falsecount="2"/>
        <line num="426" count="0" type="stmt"/>
      </file>
    </package>
  </project>
</coverage>
