{"/Users/sayanmitra/Desktop/rudder-sdk-master/js/rudder-sdk-js/integrations/ScriptLoader.js": {"path":"/Users/sayanmitra/Desktop/rudder-sdk-master/js/rudder-sdk-js/integrations/ScriptLoader.js","statementMap":{"0":{"start":{"line":3,"column":2},"end":{"line":3,"column":44}},"1":{"start":{"line":4,"column":11},"end":{"line":4,"column":43}},"2":{"start":{"line":5,"column":2},"end":{"line":5,"column":15}},"3":{"start":{"line":6,"column":2},"end":{"line":6,"column":18}},"4":{"start":{"line":7,"column":2},"end":{"line":7,"column":30}},"5":{"start":{"line":8,"column":2},"end":{"line":8,"column":13}},"6":{"start":{"line":9,"column":10},"end":{"line":9,"column":52}},"7":{"start":{"line":10,"column":2},"end":{"line":10,"column":32}},"8":{"start":{"line":11,"column":2},"end":{"line":11,"column":35}}},"fnMap":{"0":{"name":"ScriptLoader","decl":{"start":{"line":2,"column":9},"end":{"line":2,"column":21}},"loc":{"start":{"line":2,"column":31},"end":{"line":12,"column":1}},"line":2}},"branchMap":{},"s":{"0":0,"1":0,"2":0,"3":0,"4":0,"5":0,"6":0,"7":0,"8":0},"f":{"0":0},"b":{},"_coverageSchema":"1a1c01bbd47fc00a2c39e90264f33305004495a9","hash":"1c491ba43b3a3fcd3def1e3c30ea9c4d562e3996"}
,"/Users/sayanmitra/Desktop/rudder-sdk-master/js/rudder-sdk-js/integrations/client_server_name.js": {"path":"/Users/sayanmitra/Desktop/rudder-sdk-master/js/rudder-sdk-js/integrations/client_server_name.js","statementMap":{"0":{"start":{"line":3,"column":26},"end":{"line":20,"column":1}}},"fnMap":{},"branchMap":{},"s":{"0":1},"f":{},"b":{},"_coverageSchema":"1a1c01bbd47fc00a2c39e90264f33305004495a9","hash":"c954118bc123981ad8d452f02e74991a4779b2e6"}
,"/Users/sayanmitra/Desktop/rudder-sdk-master/js/rudder-sdk-js/integrations/integration_cname.js": {"path":"/Users/sayanmitra/Desktop/rudder-sdk-master/js/rudder-sdk-js/integrations/integration_cname.js","statementMap":{"0":{"start":{"line":3,"column":18},"end":{"line":40,"column":1}}},"fnMap":{},"branchMap":{},"s":{"0":1},"f":{},"b":{},"_coverageSchema":"1a1c01bbd47fc00a2c39e90264f33305004495a9","hash":"7c45751370b652eb31bd9a6e2acecda7fde33ff1"}
,"/Users/sayanmitra/Desktop/rudder-sdk-master/js/rudder-sdk-js/integrations/GA/browser.js": {"path":"/Users/sayanmitra/Desktop/rudder-sdk-master/js/rudder-sdk-js/integrations/GA/browser.js","statementMap":{"0":{"start":{"line":11,"column":4},"end":{"line":11,"column":40}},"1":{"start":{"line":12,"column":4},"end":{"line":12,"column":49}},"2":{"start":{"line":13,"column":4},"end":{"line":13,"column":46}},"3":{"start":{"line":14,"column":4},"end":{"line":14,"column":40}},"4":{"start":{"line":15,"column":4},"end":{"line":15,"column":58}},"5":{"start":{"line":16,"column":4},"end":{"line":16,"column":57}},"6":{"start":{"line":17,"column":4},"end":{"line":17,"column":51}},"7":{"start":{"line":18,"column":4},"end":{"line":18,"column":69}},"8":{"start":{"line":20,"column":4},"end":{"line":20,"column":42}},"9":{"start":{"line":21,"column":4},"end":{"line":21,"column":51}},"10":{"start":{"line":22,"column":4},"end":{"line":22,"column":63}},"11":{"start":{"line":23,"column":4},"end":{"line":23,"column":75}},"12":{"start":{"line":25,"column":4},"end":{"line":25,"column":55}},"13":{"start":{"line":26,"column":4},"end":{"line":26,"column":62}},"14":{"start":{"line":27,"column":4},"end":{"line":27,"column":63}},"15":{"start":{"line":28,"column":4},"end":{"line":28,"column":47}},"16":{"start":{"line":29,"column":4},"end":{"line":29,"column":70}},"17":{"start":{"line":30,"column":4},"end":{"line":30,"column":58}},"18":{"start":{"line":31,"column":4},"end":{"line":31,"column":53}},"19":{"start":{"line":32,"column":4},"end":{"line":32,"column":80}},"20":{"start":{"line":33,"column":4},"end":{"line":33,"column":25}},"21":{"start":{"line":34,"column":4},"end":{"line":34,"column":37}},"22":{"start":{"line":35,"column":4},"end":{"line":35,"column":21}},"23":{"start":{"line":36,"column":4},"end":{"line":41,"column":6}},"24":{"start":{"line":45,"column":4},"end":{"line":48,"column":6}},"25":{"start":{"line":52,"column":4},"end":{"line":52,"column":28}},"26":{"start":{"line":53,"column":4},"end":{"line":53,"column":30}},"27":{"start":{"line":54,"column":4},"end":{"line":56,"column":5}},"28":{"start":{"line":55,"column":6},"end":{"line":55,"column":46}},"29":{"start":{"line":57,"column":4},"end":{"line":57,"column":27}},"30":{"start":{"line":58,"column":4},"end":{"line":60,"column":5}},"31":{"start":{"line":59,"column":6},"end":{"line":59,"column":43}},"32":{"start":{"line":61,"column":4},"end":{"line":61,"column":36}},"33":{"start":{"line":62,"column":4},"end":{"line":64,"column":5}},"34":{"start":{"line":63,"column":6},"end":{"line":63,"column":52}},"35":{"start":{"line":66,"column":4},"end":{"line":66,"column":40}},"36":{"start":{"line":67,"column":4},"end":{"line":72,"column":8}},"37":{"start":{"line":70,"column":8},"end":{"line":70,"column":40}},"38":{"start":{"line":71,"column":8},"end":{"line":71,"column":36}},"39":{"start":{"line":73,"column":4},"end":{"line":73,"column":39}},"40":{"start":{"line":104,"column":19},"end":{"line":111,"column":5}},"41":{"start":{"line":113,"column":4},"end":{"line":113,"column":49}},"42":{"start":{"line":115,"column":4},"end":{"line":117,"column":5}},"43":{"start":{"line":116,"column":6},"end":{"line":116,"column":53}},"44":{"start":{"line":119,"column":4},"end":{"line":122,"column":5}},"45":{"start":{"line":120,"column":6},"end":{"line":120,"column":40}},"46":{"start":{"line":121,"column":6},"end":{"line":121,"column":28}},"47":{"start":{"line":124,"column":4},"end":{"line":126,"column":5}},"48":{"start":{"line":125,"column":6},"end":{"line":125,"column":46}},"49":{"start":{"line":129,"column":4},"end":{"line":131,"column":5}},"50":{"start":{"line":130,"column":6},"end":{"line":130,"column":37}},"51":{"start":{"line":134,"column":4},"end":{"line":136,"column":5}},"52":{"start":{"line":135,"column":6},"end":{"line":135,"column":44}},"53":{"start":{"line":138,"column":4},"end":{"line":138,"column":37}},"54":{"start":{"line":143,"column":4},"end":{"line":145,"column":5}},"55":{"start":{"line":144,"column":6},"end":{"line":144,"column":63}},"56":{"start":{"line":148,"column":19},"end":{"line":153,"column":5}},"57":{"start":{"line":155,"column":4},"end":{"line":155,"column":44}},"58":{"start":{"line":157,"column":4},"end":{"line":157,"column":61}},"59":{"start":{"line":157,"column":36},"end":{"line":157,"column":61}},"60":{"start":{"line":159,"column":4},"end":{"line":159,"column":55}},"61":{"start":{"line":163,"column":17},"end":{"line":163,"column":21}},"62":{"start":{"line":165,"column":22},"end":{"line":165,"column":43}},"63":{"start":{"line":167,"column":4},"end":{"line":600,"column":5}},"64":{"start":{"line":168,"column":27},"end":{"line":168,"column":48}},"65":{"start":{"line":169,"column":22},"end":{"line":169,"column":32}},"66":{"start":{"line":170,"column":24},"end":{"line":170,"column":34}},"67":{"start":{"line":171,"column":25},"end":{"line":171,"column":35}},"68":{"start":{"line":174,"column":6},"end":{"line":174,"column":27}},"69":{"start":{"line":174,"column":20},"end":{"line":174,"column":27}},"70":{"start":{"line":177,"column":6},"end":{"line":184,"column":9}},"71":{"start":{"line":187,"column":6},"end":{"line":199,"column":9}},"72":{"start":{"line":188,"column":29},"end":{"line":188,"column":76}},"73":{"start":{"line":190,"column":8},"end":{"line":198,"column":11}},"74":{"start":{"line":201,"column":6},"end":{"line":201,"column":34}},"75":{"start":{"line":204,"column":9},"end":{"line":600,"column":5}},"76":{"start":{"line":205,"column":6},"end":{"line":551,"column":7}},"77":{"start":{"line":209,"column":31},"end":{"line":209,"column":52}},"78":{"start":{"line":210,"column":29},"end":{"line":210,"column":39}},"79":{"start":{"line":211,"column":24},"end":{"line":211,"column":66}},"80":{"start":{"line":213,"column":10},"end":{"line":216,"column":12}},"81":{"start":{"line":217,"column":10},"end":{"line":222,"column":13}},"82":{"start":{"line":218,"column":31},"end":{"line":218,"column":78}},"83":{"start":{"line":219,"column":12},"end":{"line":219,"column":53}},"84":{"start":{"line":221,"column":12},"end":{"line":221,"column":74}},"85":{"start":{"line":224,"column":10},"end":{"line":227,"column":13}},"86":{"start":{"line":229,"column":10},"end":{"line":229,"column":65}},"87":{"start":{"line":230,"column":10},"end":{"line":230,"column":16}},"88":{"start":{"line":232,"column":22},"end":{"line":232,"column":54}},"89":{"start":{"line":233,"column":24},"end":{"line":233,"column":66}},"90":{"start":{"line":235,"column":10},"end":{"line":235,"column":34}},"91":{"start":{"line":235,"column":27},"end":{"line":235,"column":34}},"92":{"start":{"line":237,"column":23},"end":{"line":240,"column":11}},"93":{"start":{"line":242,"column":10},"end":{"line":245,"column":12}},"94":{"start":{"line":247,"column":10},"end":{"line":247,"column":63}},"95":{"start":{"line":248,"column":10},"end":{"line":248,"column":59}},"96":{"start":{"line":249,"column":10},"end":{"line":249,"column":16}},"97":{"start":{"line":252,"column":12},"end":{"line":254,"column":13}},"98":{"start":{"line":255,"column":28},"end":{"line":255,"column":60}},"99":{"start":{"line":256,"column":29},"end":{"line":256,"column":61}},"100":{"start":{"line":257,"column":22},"end":{"line":257,"column":54}},"101":{"start":{"line":259,"column":10},"end":{"line":259,"column":31}},"102":{"start":{"line":259,"column":24},"end":{"line":259,"column":31}},"103":{"start":{"line":261,"column":10},"end":{"line":264,"column":12}},"104":{"start":{"line":266,"column":10},"end":{"line":270,"column":13}},"105":{"start":{"line":267,"column":31},"end":{"line":267,"column":78}},"106":{"start":{"line":268,"column":12},"end":{"line":268,"column":53}},"107":{"start":{"line":269,"column":12},"end":{"line":269,"column":74}},"108":{"start":{"line":271,"column":10},"end":{"line":278,"column":13}},"109":{"start":{"line":280,"column":10},"end":{"line":280,"column":65}},"110":{"start":{"line":281,"column":10},"end":{"line":281,"column":16}},"111":{"start":{"line":283,"column":22},"end":{"line":283,"column":54}},"112":{"start":{"line":284,"column":28},"end":{"line":284,"column":33}},"113":{"start":{"line":285,"column":29},"end":{"line":285,"column":34}},"114":{"start":{"line":287,"column":10},"end":{"line":287,"column":31}},"115":{"start":{"line":287,"column":24},"end":{"line":287,"column":31}},"116":{"start":{"line":289,"column":10},"end":{"line":292,"column":12}},"117":{"start":{"line":294,"column":10},"end":{"line":303,"column":13}},"118":{"start":{"line":295,"column":26},"end":{"line":295,"column":49}},"119":{"start":{"line":296,"column":12},"end":{"line":302,"column":15}},"120":{"start":{"line":305,"column":10},"end":{"line":307,"column":13}},"121":{"start":{"line":309,"column":10},"end":{"line":309,"column":65}},"122":{"start":{"line":310,"column":10},"end":{"line":310,"column":16}},"123":{"start":{"line":312,"column":10},"end":{"line":315,"column":12}},"124":{"start":{"line":316,"column":10},"end":{"line":321,"column":12}},"125":{"start":{"line":322,"column":10},"end":{"line":322,"column":65}},"126":{"start":{"line":323,"column":10},"end":{"line":323,"column":16}},"127":{"start":{"line":325,"column":10},"end":{"line":328,"column":12}},"128":{"start":{"line":329,"column":10},"end":{"line":334,"column":12}},"129":{"start":{"line":335,"column":10},"end":{"line":335,"column":65}},"130":{"start":{"line":336,"column":10},"end":{"line":336,"column":16}},"131":{"start":{"line":338,"column":22},"end":{"line":338,"column":54}},"132":{"start":{"line":339,"column":21},"end":{"line":339,"column":23}},"133":{"start":{"line":340,"column":10},"end":{"line":343,"column":12}},"134":{"start":{"line":345,"column":10},"end":{"line":345,"column":49}},"135":{"start":{"line":345,"column":26},"end":{"line":345,"column":49}},"136":{"start":{"line":346,"column":10},"end":{"line":351,"column":12}},"137":{"start":{"line":352,"column":10},"end":{"line":352,"column":65}},"138":{"start":{"line":353,"column":10},"end":{"line":353,"column":16}},"139":{"start":{"line":355,"column":22},"end":{"line":355,"column":54}},"140":{"start":{"line":356,"column":21},"end":{"line":356,"column":23}},"141":{"start":{"line":357,"column":10},"end":{"line":360,"column":12}},"142":{"start":{"line":362,"column":10},"end":{"line":362,"column":49}},"143":{"start":{"line":362,"column":26},"end":{"line":362,"column":49}},"144":{"start":{"line":363,"column":10},"end":{"line":368,"column":12}},"145":{"start":{"line":369,"column":10},"end":{"line":369,"column":65}},"146":{"start":{"line":370,"column":10},"end":{"line":370,"column":16}},"147":{"start":{"line":372,"column":22},"end":{"line":372,"column":54}},"148":{"start":{"line":374,"column":10},"end":{"line":377,"column":12}},"149":{"start":{"line":378,"column":10},"end":{"line":383,"column":13}},"150":{"start":{"line":384,"column":10},"end":{"line":384,"column":65}},"151":{"start":{"line":385,"column":10},"end":{"line":385,"column":16}},"152":{"start":{"line":387,"column":22},"end":{"line":387,"column":54}},"153":{"start":{"line":388,"column":10},"end":{"line":391,"column":12}},"154":{"start":{"line":393,"column":10},"end":{"line":398,"column":13}},"155":{"start":{"line":399,"column":10},"end":{"line":399,"column":55}},"156":{"start":{"line":400,"column":10},"end":{"line":400,"column":65}},"157":{"start":{"line":401,"column":10},"end":{"line":401,"column":16}},"158":{"start":{"line":403,"column":22},"end":{"line":403,"column":54}},"159":{"start":{"line":404,"column":29},"end":{"line":404,"column":34}},"160":{"start":{"line":406,"column":10},"end":{"line":409,"column":12}},"161":{"start":{"line":411,"column":10},"end":{"line":442,"column":13}},"162":{"start":{"line":412,"column":25},"end":{"line":412,"column":48}},"163":{"start":{"line":413,"column":12},"end":{"line":417,"column":21}},"164":{"start":{"line":417,"column":14},"end":{"line":417,"column":21}},"165":{"start":{"line":418,"column":32},"end":{"line":427,"column":13}},"166":{"start":{"line":428,"column":12},"end":{"line":436,"column":14}},"167":{"start":{"line":438,"column":12},"end":{"line":440,"column":13}},"168":{"start":{"line":439,"column":14},"end":{"line":439,"column":80}},"169":{"start":{"line":439,"column":53},"end":{"line":439,"column":80}},"170":{"start":{"line":441,"column":12},"end":{"line":441,"column":57}},"171":{"start":{"line":443,"column":10},"end":{"line":443,"column":65}},"172":{"start":{"line":444,"column":10},"end":{"line":444,"column":16}},"173":{"start":{"line":446,"column":22},"end":{"line":446,"column":54}},"174":{"start":{"line":447,"column":29},"end":{"line":447,"column":34}},"175":{"start":{"line":448,"column":10},"end":{"line":448,"column":46}},"176":{"start":{"line":449,"column":10},"end":{"line":449,"column":46}},"177":{"start":{"line":450,"column":24},"end":{"line":454,"column":19}},"178":{"start":{"line":452,"column":14},"end":{"line":452,"column":48}},"179":{"start":{"line":455,"column":22},"end":{"line":459,"column":19}},"180":{"start":{"line":457,"column":14},"end":{"line":457,"column":48}},"181":{"start":{"line":461,"column":10},"end":{"line":464,"column":12}},"182":{"start":{"line":466,"column":10},"end":{"line":501,"column":13}},"183":{"start":{"line":467,"column":25},"end":{"line":467,"column":48}},"184":{"start":{"line":469,"column":12},"end":{"line":474,"column":13}},"185":{"start":{"line":473,"column":14},"end":{"line":473,"column":21}},"186":{"start":{"line":476,"column":32},"end":{"line":485,"column":13}},"187":{"start":{"line":487,"column":12},"end":{"line":495,"column":14}},"188":{"start":{"line":497,"column":12},"end":{"line":499,"column":13}},"189":{"start":{"line":498,"column":14},"end":{"line":498,"column":80}},"190":{"start":{"line":498,"column":53},"end":{"line":498,"column":80}},"191":{"start":{"line":500,"column":12},"end":{"line":500,"column":57}},"192":{"start":{"line":502,"column":10},"end":{"line":502,"column":65}},"193":{"start":{"line":503,"column":10},"end":{"line":503,"column":16}},"194":{"start":{"line":505,"column":30},"end":{"line":505,"column":41}},"195":{"start":{"line":506,"column":21},"end":{"line":506,"column":34}},"196":{"start":{"line":507,"column":10},"end":{"line":507,"column":47}},"197":{"start":{"line":509,"column":30},"end":{"line":509,"column":71}},"198":{"start":{"line":510,"column":28},"end":{"line":510,"column":55}},"199":{"start":{"line":511,"column":27},"end":{"line":511,"column":65}},"200":{"start":{"line":512,"column":27},"end":{"line":512,"column":29}},"201":{"start":{"line":513,"column":10},"end":{"line":517,"column":11}},"202":{"start":{"line":514,"column":12},"end":{"line":516,"column":57}},"203":{"start":{"line":519,"column":24},"end":{"line":529,"column":11}},"204":{"start":{"line":531,"column":29},"end":{"line":531,"column":58}},"205":{"start":{"line":533,"column":10},"end":{"line":539,"column":11}},"206":{"start":{"line":534,"column":12},"end":{"line":534,"column":68}},"207":{"start":{"line":534,"column":31},"end":{"line":534,"column":68}},"208":{"start":{"line":535,"column":12},"end":{"line":535,"column":74}},"209":{"start":{"line":535,"column":33},"end":{"line":535,"column":74}},"210":{"start":{"line":536,"column":12},"end":{"line":536,"column":74}},"211":{"start":{"line":536,"column":33},"end":{"line":536,"column":74}},"212":{"start":{"line":537,"column":12},"end":{"line":537,"column":77}},"213":{"start":{"line":537,"column":34},"end":{"line":537,"column":77}},"214":{"start":{"line":538,"column":12},"end":{"line":538,"column":71}},"215":{"start":{"line":538,"column":31},"end":{"line":538,"column":71}},"216":{"start":{"line":541,"column":10},"end":{"line":547,"column":12}},"217":{"start":{"line":549,"column":10},"end":{"line":549,"column":46}},"218":{"start":{"line":550,"column":10},"end":{"line":550,"column":58}},"219":{"start":{"line":554,"column":26},"end":{"line":554,"column":37}},"220":{"start":{"line":555,"column":17},"end":{"line":555,"column":53}},"221":{"start":{"line":556,"column":6},"end":{"line":556,"column":43}},"222":{"start":{"line":558,"column":26},"end":{"line":558,"column":67}},"223":{"start":{"line":559,"column":24},"end":{"line":559,"column":51}},"224":{"start":{"line":560,"column":23},"end":{"line":560,"column":61}},"225":{"start":{"line":561,"column":23},"end":{"line":561,"column":25}},"226":{"start":{"line":562,"column":6},"end":{"line":566,"column":7}},"227":{"start":{"line":563,"column":8},"end":{"line":565,"column":53}},"228":{"start":{"line":568,"column":20},"end":{"line":578,"column":7}},"229":{"start":{"line":580,"column":25},"end":{"line":580,"column":54}},"230":{"start":{"line":582,"column":6},"end":{"line":588,"column":7}},"231":{"start":{"line":583,"column":8},"end":{"line":583,"column":64}},"232":{"start":{"line":583,"column":27},"end":{"line":583,"column":64}},"233":{"start":{"line":584,"column":8},"end":{"line":584,"column":70}},"234":{"start":{"line":584,"column":29},"end":{"line":584,"column":70}},"235":{"start":{"line":585,"column":8},"end":{"line":585,"column":70}},"236":{"start":{"line":585,"column":29},"end":{"line":585,"column":70}},"237":{"start":{"line":586,"column":8},"end":{"line":586,"column":73}},"238":{"start":{"line":586,"column":30},"end":{"line":586,"column":73}},"239":{"start":{"line":587,"column":8},"end":{"line":587,"column":67}},"240":{"start":{"line":587,"column":27},"end":{"line":587,"column":67}},"241":{"start":{"line":590,"column":6},"end":{"line":596,"column":8}},"242":{"start":{"line":598,"column":6},"end":{"line":598,"column":42}},"243":{"start":{"line":599,"column":6},"end":{"line":599,"column":54}},"244":{"start":{"line":604,"column":4},"end":{"line":604,"column":51}},"245":{"start":{"line":606,"column":25},"end":{"line":606,"column":57}},"246":{"start":{"line":607,"column":28},"end":{"line":607,"column":60}},"247":{"start":{"line":608,"column":17},"end":{"line":608,"column":93}},"248":{"start":{"line":609,"column":21},"end":{"line":609,"column":64}},"249":{"start":{"line":610,"column":19},"end":{"line":610,"column":21}},"250":{"start":{"line":611,"column":21},"end":{"line":611,"column":67}},"251":{"start":{"line":612,"column":25},"end":{"line":612,"column":72}},"252":{"start":{"line":614,"column":4},"end":{"line":623,"column":26}},"253":{"start":{"line":618,"column":6},"end":{"line":618,"column":40}},"254":{"start":{"line":619,"column":9},"end":{"line":623,"column":26}},"255":{"start":{"line":620,"column":6},"end":{"line":620,"column":45}},"256":{"start":{"line":621,"column":9},"end":{"line":623,"column":26}},"257":{"start":{"line":622,"column":6},"end":{"line":622,"column":60}},"258":{"start":{"line":623,"column":9},"end":{"line":623,"column":26}},"259":{"start":{"line":625,"column":4},"end":{"line":625,"column":29}},"260":{"start":{"line":626,"column":4},"end":{"line":626,"column":31}},"261":{"start":{"line":627,"column":4},"end":{"line":627,"column":44}},"262":{"start":{"line":629,"column":4},"end":{"line":635,"column":5}},"263":{"start":{"line":630,"column":6},"end":{"line":630,"column":63}},"264":{"start":{"line":630,"column":25},"end":{"line":630,"column":63}},"265":{"start":{"line":631,"column":6},"end":{"line":631,"column":69}},"266":{"start":{"line":631,"column":27},"end":{"line":631,"column":69}},"267":{"start":{"line":632,"column":6},"end":{"line":632,"column":69}},"268":{"start":{"line":632,"column":27},"end":{"line":632,"column":69}},"269":{"start":{"line":633,"column":6},"end":{"line":633,"column":72}},"270":{"start":{"line":633,"column":28},"end":{"line":633,"column":72}},"271":{"start":{"line":634,"column":6},"end":{"line":634,"column":66}},"272":{"start":{"line":634,"column":25},"end":{"line":634,"column":66}},"273":{"start":{"line":643,"column":34},"end":{"line":643,"column":36}},"274":{"start":{"line":644,"column":4},"end":{"line":649,"column":5}},"275":{"start":{"line":644,"column":17},"end":{"line":644,"column":18}},"276":{"start":{"line":645,"column":23},"end":{"line":645,"column":58}},"277":{"start":{"line":646,"column":6},"end":{"line":648,"column":7}},"278":{"start":{"line":647,"column":8},"end":{"line":647,"column":69}},"279":{"start":{"line":651,"column":4},"end":{"line":651,"column":44}},"280":{"start":{"line":654,"column":4},"end":{"line":657,"column":6}},"281":{"start":{"line":658,"column":20},"end":{"line":661,"column":5}},"282":{"start":{"line":662,"column":4},"end":{"line":662,"column":76}},"283":{"start":{"line":662,"column":44},"end":{"line":662,"column":76}},"284":{"start":{"line":664,"column":4},"end":{"line":664,"column":30}},"285":{"start":{"line":666,"column":4},"end":{"line":666,"column":50}},"286":{"start":{"line":666,"column":25},"end":{"line":666,"column":50}},"287":{"start":{"line":668,"column":4},"end":{"line":668,"column":44}},"288":{"start":{"line":671,"column":4},"end":{"line":673,"column":5}},"289":{"start":{"line":672,"column":6},"end":{"line":672,"column":55}},"290":{"start":{"line":676,"column":4},"end":{"line":678,"column":5}},"291":{"start":{"line":677,"column":6},"end":{"line":677,"column":55}},"292":{"start":{"line":679,"column":4},"end":{"line":679,"column":27}},"293":{"start":{"line":683,"column":4},"end":{"line":683,"column":35}},"294":{"start":{"line":685,"column":4},"end":{"line":685,"column":30}},"295":{"start":{"line":689,"column":4},"end":{"line":689,"column":30}},"296":{"start":{"line":712,"column":16},"end":{"line":712,"column":18}},"297":{"start":{"line":714,"column":4},"end":{"line":720,"column":7}},"298":{"start":{"line":715,"column":6},"end":{"line":719,"column":9}},"299":{"start":{"line":716,"column":20},"end":{"line":716,"column":29}},"300":{"start":{"line":717,"column":8},"end":{"line":717,"column":56}},"301":{"start":{"line":717,"column":31},"end":{"line":717,"column":56}},"302":{"start":{"line":718,"column":8},"end":{"line":718,"column":51}},"303":{"start":{"line":718,"column":34},"end":{"line":718,"column":51}},"304":{"start":{"line":722,"column":4},"end":{"line":722,"column":15}},"305":{"start":{"line":726,"column":4},"end":{"line":726,"column":38}},"306":{"start":{"line":726,"column":29},"end":{"line":726,"column":38}},"307":{"start":{"line":727,"column":4},"end":{"line":727,"column":29}},"308":{"start":{"line":735,"column":16},"end":{"line":735,"column":18}},"309":{"start":{"line":736,"column":28},"end":{"line":736,"column":30}},"310":{"start":{"line":737,"column":4},"end":{"line":739,"column":5}},"311":{"start":{"line":738,"column":6},"end":{"line":738,"column":41}},"312":{"start":{"line":740,"column":25},"end":{"line":740,"column":27}},"313":{"start":{"line":741,"column":4},"end":{"line":743,"column":5}},"314":{"start":{"line":742,"column":6},"end":{"line":742,"column":38}},"315":{"start":{"line":744,"column":34},"end":{"line":744,"column":36}},"316":{"start":{"line":745,"column":4},"end":{"line":747,"column":5}},"317":{"start":{"line":746,"column":6},"end":{"line":746,"column":47}},"318":{"start":{"line":748,"column":19},"end":{"line":753,"column":5}},"319":{"start":{"line":754,"column":4},"end":{"line":763,"column":5}},"320":{"start":{"line":755,"column":6},"end":{"line":762,"column":7}},"321":{"start":{"line":756,"column":8},"end":{"line":756,"column":33}},"322":{"start":{"line":758,"column":8},"end":{"line":760,"column":11}},"323":{"start":{"line":759,"column":10},"end":{"line":759,"column":27}},"324":{"start":{"line":761,"column":8},"end":{"line":761,"column":19}},"325":{"start":{"line":773,"column":4},"end":{"line":773,"column":28}},"326":{"start":{"line":773,"column":21},"end":{"line":773,"column":28}},"327":{"start":{"line":774,"column":14},"end":{"line":774,"column":29}},"328":{"start":{"line":775,"column":4},"end":{"line":775,"column":69}},"329":{"start":{"line":775,"column":44},"end":{"line":775,"column":69}},"330":{"start":{"line":776,"column":4},"end":{"line":776,"column":15}},"331":{"start":{"line":785,"column":18},"end":{"line":785,"column":34}},"332":{"start":{"line":786,"column":4},"end":{"line":787,"column":71}},"333":{"start":{"line":788,"column":4},"end":{"line":788,"column":33}},"334":{"start":{"line":797,"column":4},"end":{"line":800,"column":5}},"335":{"start":{"line":798,"column":6},"end":{"line":798,"column":33}},"336":{"start":{"line":799,"column":6},"end":{"line":799,"column":12}},"337":{"start":{"line":802,"column":4},"end":{"line":802,"column":71}},"338":{"start":{"line":803,"column":4},"end":{"line":803,"column":13}},"339":{"start":{"line":812,"column":28},"end":{"line":812,"column":30}},"340":{"start":{"line":813,"column":4},"end":{"line":815,"column":5}},"341":{"start":{"line":814,"column":6},"end":{"line":814,"column":41}},"342":{"start":{"line":816,"column":25},"end":{"line":816,"column":27}},"343":{"start":{"line":817,"column":4},"end":{"line":819,"column":5}},"344":{"start":{"line":818,"column":6},"end":{"line":818,"column":38}},"345":{"start":{"line":820,"column":34},"end":{"line":820,"column":36}},"346":{"start":{"line":821,"column":4},"end":{"line":823,"column":5}},"347":{"start":{"line":822,"column":6},"end":{"line":822,"column":47}},"348":{"start":{"line":825,"column":18},"end":{"line":825,"column":50}},"349":{"start":{"line":827,"column":18},"end":{"line":836,"column":5}},"350":{"start":{"line":838,"column":4},"end":{"line":840,"column":5}},"351":{"start":{"line":839,"column":6},"end":{"line":839,"column":52}},"352":{"start":{"line":842,"column":23},"end":{"line":842,"column":28}},"353":{"start":{"line":843,"column":4},"end":{"line":843,"column":40}},"354":{"start":{"line":843,"column":16},"end":{"line":843,"column":40}},"355":{"start":{"line":844,"column":4},"end":{"line":852,"column":6}},"356":{"start":{"line":854,"column":4},"end":{"line":854,"column":40}},"357":{"start":{"line":865,"column":4},"end":{"line":865,"column":62}},"358":{"start":{"line":866,"column":4},"end":{"line":866,"column":50}},"359":{"start":{"line":874,"column":17},"end":{"line":888,"column":6}},"360":{"start":{"line":890,"column":20},"end":{"line":890,"column":41}},"361":{"start":{"line":891,"column":4},"end":{"line":891,"column":32}},"362":{"start":{"line":893,"column":4},"end":{"line":895,"column":5}},"363":{"start":{"line":894,"column":6},"end":{"line":894,"column":36}},"364":{"start":{"line":897,"column":4},"end":{"line":897,"column":27}},"365":{"start":{"line":905,"column":25},"end":{"line":905,"column":40}},"366":{"start":{"line":907,"column":4},"end":{"line":913,"column":5}},"367":{"start":{"line":912,"column":6},"end":{"line":912,"column":22}},"368":{"start":{"line":915,"column":4},"end":{"line":921,"column":6}},"369":{"start":{"line":918,"column":10},"end":{"line":918,"column":30}},"370":{"start":{"line":929,"column":20},"end":{"line":932,"column":5}},"371":{"start":{"line":934,"column":18},"end":{"line":934,"column":36}},"372":{"start":{"line":935,"column":4},"end":{"line":935,"column":54}}},"fnMap":{"0":{"name":"(anonymous_0)","decl":{"start":{"line":10,"column":2},"end":{"line":10,"column":3}},"loc":{"start":{"line":10,"column":22},"end":{"line":42,"column":3}},"line":10},"1":{"name":"(anonymous_1)","decl":{"start":{"line":44,"column":2},"end":{"line":44,"column":3}},"loc":{"start":{"line":44,"column":15},"end":{"line":49,"column":3}},"line":44},"2":{"name":"(anonymous_2)","decl":{"start":{"line":51,"column":2},"end":{"line":51,"column":3}},"loc":{"start":{"line":51,"column":9},"end":{"line":139,"column":3}},"line":51},"3":{"name":"(anonymous_3)","decl":{"start":{"line":69,"column":6},"end":{"line":69,"column":7}},"loc":{"start":{"line":69,"column":18},"end":{"line":72,"column":7}},"line":69},"4":{"name":"(anonymous_4)","decl":{"start":{"line":141,"column":2},"end":{"line":141,"column":3}},"loc":{"start":{"line":141,"column":26},"end":{"line":160,"column":3}},"line":141},"5":{"name":"(anonymous_5)","decl":{"start":{"line":162,"column":2},"end":{"line":162,"column":3}},"loc":{"start":{"line":162,"column":32},"end":{"line":601,"column":3}},"line":162},"6":{"name":"(anonymous_6)","decl":{"start":{"line":187,"column":21},"end":{"line":187,"column":22}},"loc":{"start":{"line":187,"column":40},"end":{"line":199,"column":7}},"line":187},"7":{"name":"(anonymous_7)","decl":{"start":{"line":217,"column":25},"end":{"line":217,"column":26}},"loc":{"start":{"line":217,"column":44},"end":{"line":222,"column":11}},"line":217},"8":{"name":"(anonymous_8)","decl":{"start":{"line":266,"column":25},"end":{"line":266,"column":26}},"loc":{"start":{"line":266,"column":44},"end":{"line":270,"column":11}},"line":266},"9":{"name":"(anonymous_9)","decl":{"start":{"line":294,"column":25},"end":{"line":294,"column":26}},"loc":{"start":{"line":294,"column":44},"end":{"line":303,"column":11}},"line":294},"10":{"name":"(anonymous_10)","decl":{"start":{"line":411,"column":25},"end":{"line":411,"column":26}},"loc":{"start":{"line":411,"column":44},"end":{"line":442,"column":11}},"line":411},"11":{"name":"(anonymous_11)","decl":{"start":{"line":451,"column":17},"end":{"line":451,"column":18}},"loc":{"start":{"line":451,"column":32},"end":{"line":453,"column":13}},"line":451},"12":{"name":"(anonymous_12)","decl":{"start":{"line":456,"column":17},"end":{"line":456,"column":18}},"loc":{"start":{"line":456,"column":32},"end":{"line":458,"column":13}},"line":456},"13":{"name":"(anonymous_13)","decl":{"start":{"line":466,"column":25},"end":{"line":466,"column":26}},"loc":{"start":{"line":466,"column":44},"end":{"line":501,"column":11}},"line":466},"14":{"name":"(anonymous_14)","decl":{"start":{"line":603,"column":2},"end":{"line":603,"column":3}},"loc":{"start":{"line":603,"column":22},"end":{"line":680,"column":3}},"line":603},"15":{"name":"(anonymous_15)","decl":{"start":{"line":682,"column":2},"end":{"line":682,"column":3}},"loc":{"start":{"line":682,"column":13},"end":{"line":686,"column":3}},"line":682},"16":{"name":"(anonymous_16)","decl":{"start":{"line":688,"column":2},"end":{"line":688,"column":3}},"loc":{"start":{"line":688,"column":12},"end":{"line":690,"column":3}},"line":688},"17":{"name":"(anonymous_17)","decl":{"start":{"line":711,"column":2},"end":{"line":711,"column":3}},"loc":{"start":{"line":711,"column":62},"end":{"line":723,"column":3}},"line":711},"18":{"name":"(anonymous_18)","decl":{"start":{"line":714,"column":50},"end":{"line":714,"column":51}},"loc":{"start":{"line":714,"column":67},"end":{"line":720,"column":5}},"line":714},"19":{"name":"(anonymous_19)","decl":{"start":{"line":715,"column":18},"end":{"line":715,"column":19}},"loc":{"start":{"line":715,"column":39},"end":{"line":719,"column":7}},"line":715},"20":{"name":"(anonymous_20)","decl":{"start":{"line":725,"column":2},"end":{"line":725,"column":3}},"loc":{"start":{"line":725,"column":21},"end":{"line":728,"column":3}},"line":725},"21":{"name":"(anonymous_21)","decl":{"start":{"line":734,"column":2},"end":{"line":734,"column":3}},"loc":{"start":{"line":734,"column":46},"end":{"line":764,"column":3}},"line":734},"22":{"name":"(anonymous_22)","decl":{"start":{"line":758,"column":21},"end":{"line":758,"column":22}},"loc":{"start":{"line":758,"column":43},"end":{"line":760,"column":9}},"line":758},"23":{"name":"(anonymous_23)","decl":{"start":{"line":772,"column":2},"end":{"line":772,"column":3}},"loc":{"start":{"line":772,"column":34},"end":{"line":777,"column":3}},"line":772},"24":{"name":"(anonymous_24)","decl":{"start":{"line":784,"column":2},"end":{"line":784,"column":3}},"loc":{"start":{"line":784,"column":48},"end":{"line":789,"column":3}},"line":784},"25":{"name":"(anonymous_25)","decl":{"start":{"line":796,"column":2},"end":{"line":796,"column":3}},"loc":{"start":{"line":796,"column":42},"end":{"line":804,"column":3}},"line":796},"26":{"name":"(anonymous_26)","decl":{"start":{"line":811,"column":2},"end":{"line":811,"column":3}},"loc":{"start":{"line":811,"column":55},"end":{"line":855,"column":3}},"line":811},"27":{"name":"(anonymous_27)","decl":{"start":{"line":864,"column":2},"end":{"line":864,"column":3}},"loc":{"start":{"line":864,"column":75},"end":{"line":867,"column":3}},"line":864},"28":{"name":"(anonymous_28)","decl":{"start":{"line":873,"column":2},"end":{"line":873,"column":3}},"loc":{"start":{"line":873,"column":47},"end":{"line":898,"column":3}},"line":873},"29":{"name":"(anonymous_29)","decl":{"start":{"line":904,"column":2},"end":{"line":904,"column":3}},"loc":{"start":{"line":904,"column":37},"end":{"line":922,"column":3}},"line":904},"30":{"name":"(anonymous_30)","decl":{"start":{"line":917,"column":13},"end":{"line":917,"column":14}},"loc":{"start":{"line":917,"column":26},"end":{"line":919,"column":9}},"line":917},"31":{"name":"(anonymous_31)","decl":{"start":{"line":928,"column":2},"end":{"line":928,"column":3}},"loc":{"start":{"line":928,"column":40},"end":{"line":936,"column":3}},"line":928}},"branchMap":{"0":{"loc":{"start":{"line":12,"column":22},"end":{"line":12,"column":48}},"type":"binary-expr","locations":[{"start":{"line":12,"column":22},"end":{"line":12,"column":39}},{"start":{"line":12,"column":43},"end":{"line":12,"column":48}}],"line":12},"1":{"loc":{"start":{"line":13,"column":22},"end":{"line":13,"column":45}},"type":"binary-expr","locations":[{"start":{"line":13,"column":22},"end":{"line":13,"column":39}},{"start":{"line":13,"column":43},"end":{"line":13,"column":45}}],"line":13},"2":{"loc":{"start":{"line":14,"column":19},"end":{"line":14,"column":39}},"type":"binary-expr","locations":[{"start":{"line":14,"column":19},"end":{"line":14,"column":33}},{"start":{"line":14,"column":37},"end":{"line":14,"column":39}}],"line":14},"3":{"loc":{"start":{"line":15,"column":28},"end":{"line":15,"column":57}},"type":"binary-expr","locations":[{"start":{"line":15,"column":28},"end":{"line":15,"column":51}},{"start":{"line":15,"column":55},"end":{"line":15,"column":57}}],"line":15},"4":{"loc":{"start":{"line":16,"column":26},"end":{"line":16,"column":56}},"type":"binary-expr","locations":[{"start":{"line":16,"column":26},"end":{"line":16,"column":47}},{"start":{"line":16,"column":51},"end":{"line":16,"column":56}}],"line":16},"5":{"loc":{"start":{"line":17,"column":23},"end":{"line":17,"column":50}},"type":"binary-expr","locations":[{"start":{"line":17,"column":23},"end":{"line":17,"column":41}},{"start":{"line":17,"column":45},"end":{"line":17,"column":50}}],"line":17},"6":{"loc":{"start":{"line":18,"column":32},"end":{"line":18,"column":68}},"type":"binary-expr","locations":[{"start":{"line":18,"column":32},"end":{"line":18,"column":59}},{"start":{"line":18,"column":63},"end":{"line":18,"column":68}}],"line":18},"7":{"loc":{"start":{"line":20,"column":18},"end":{"line":20,"column":41}},"type":"binary-expr","locations":[{"start":{"line":20,"column":18},"end":{"line":20,"column":31}},{"start":{"line":20,"column":35},"end":{"line":20,"column":41}}],"line":20},"8":{"loc":{"start":{"line":21,"column":23},"end":{"line":21,"column":50}},"type":"binary-expr","locations":[{"start":{"line":21,"column":23},"end":{"line":21,"column":41}},{"start":{"line":21,"column":45},"end":{"line":21,"column":50}}],"line":21},"9":{"loc":{"start":{"line":22,"column":29},"end":{"line":22,"column":62}},"type":"binary-expr","locations":[{"start":{"line":22,"column":29},"end":{"line":22,"column":53}},{"start":{"line":22,"column":57},"end":{"line":22,"column":62}}],"line":22},"10":{"loc":{"start":{"line":23,"column":35},"end":{"line":23,"column":74}},"type":"binary-expr","locations":[{"start":{"line":23,"column":35},"end":{"line":23,"column":65}},{"start":{"line":23,"column":69},"end":{"line":23,"column":74}}],"line":23},"11":{"loc":{"start":{"line":25,"column":25},"end":{"line":25,"column":54}},"type":"binary-expr","locations":[{"start":{"line":25,"column":25},"end":{"line":25,"column":45}},{"start":{"line":25,"column":49},"end":{"line":25,"column":54}}],"line":25},"12":{"loc":{"start":{"line":26,"column":29},"end":{"line":26,"column":61}},"type":"binary-expr","locations":[{"start":{"line":26,"column":29},"end":{"line":26,"column":53}},{"start":{"line":26,"column":57},"end":{"line":26,"column":61}}],"line":26},"13":{"loc":{"start":{"line":27,"column":31},"end":{"line":27,"column":62}},"type":"binary-expr","locations":[{"start":{"line":27,"column":31},"end":{"line":27,"column":57}},{"start":{"line":27,"column":61},"end":{"line":27,"column":62}}],"line":27},"14":{"loc":{"start":{"line":28,"column":22},"end":{"line":28,"column":46}},"type":"binary-expr","locations":[{"start":{"line":28,"column":22},"end":{"line":28,"column":39}},{"start":{"line":28,"column":43},"end":{"line":28,"column":46}}],"line":28},"15":{"loc":{"start":{"line":29,"column":33},"end":{"line":29,"column":69}},"type":"binary-expr","locations":[{"start":{"line":29,"column":33},"end":{"line":29,"column":61}},{"start":{"line":29,"column":65},"end":{"line":29,"column":69}}],"line":29},"16":{"loc":{"start":{"line":30,"column":27},"end":{"line":30,"column":57}},"type":"binary-expr","locations":[{"start":{"line":30,"column":27},"end":{"line":30,"column":49}},{"start":{"line":30,"column":53},"end":{"line":30,"column":57}}],"line":30},"17":{"loc":{"start":{"line":31,"column":31},"end":{"line":31,"column":52}},"type":"binary-expr","locations":[{"start":{"line":31,"column":31},"end":{"line":31,"column":46}},{"start":{"line":31,"column":50},"end":{"line":31,"column":52}}],"line":31},"18":{"loc":{"start":{"line":32,"column":39},"end":{"line":32,"column":79}},"type":"binary-expr","locations":[{"start":{"line":32,"column":39},"end":{"line":32,"column":73}},{"start":{"line":32,"column":77},"end":{"line":32,"column":79}}],"line":32},"19":{"loc":{"start":{"line":68,"column":6},"end":{"line":72,"column":7}},"type":"binary-expr","locations":[{"start":{"line":68,"column":6},"end":{"line":68,"column":15}},{"start":{"line":69,"column":6},"end":{"line":72,"column":7}}],"line":68},"20":{"loc":{"start":{"line":70,"column":22},"end":{"line":70,"column":39}},"type":"binary-expr","locations":[{"start":{"line":70,"column":22},"end":{"line":70,"column":33}},{"start":{"line":70,"column":37},"end":{"line":70,"column":39}}],"line":70},"21":{"loc":{"start":{"line":115,"column":4},"end":{"line":117,"column":5}},"type":"if","locations":[{"start":{"line":115,"column":4},"end":{"line":117,"column":5}},{"start":{"line":115,"column":4},"end":{"line":117,"column":5}}],"line":115},"22":{"loc":{"start":{"line":119,"column":4},"end":{"line":122,"column":5}},"type":"if","locations":[{"start":{"line":119,"column":4},"end":{"line":122,"column":5}},{"start":{"line":119,"column":4},"end":{"line":122,"column":5}}],"line":119},"23":{"loc":{"start":{"line":124,"column":4},"end":{"line":126,"column":5}},"type":"if","locations":[{"start":{"line":124,"column":4},"end":{"line":126,"column":5}},{"start":{"line":124,"column":4},"end":{"line":126,"column":5}}],"line":124},"24":{"loc":{"start":{"line":129,"column":4},"end":{"line":131,"column":5}},"type":"if","locations":[{"start":{"line":129,"column":4},"end":{"line":131,"column":5}},{"start":{"line":129,"column":4},"end":{"line":131,"column":5}}],"line":129},"25":{"loc":{"start":{"line":134,"column":4},"end":{"line":136,"column":5}},"type":"if","locations":[{"start":{"line":134,"column":4},"end":{"line":136,"column":5}},{"start":{"line":134,"column":4},"end":{"line":136,"column":5}}],"line":134},"26":{"loc":{"start":{"line":143,"column":4},"end":{"line":145,"column":5}},"type":"if","locations":[{"start":{"line":143,"column":4},"end":{"line":145,"column":5}},{"start":{"line":143,"column":4},"end":{"line":145,"column":5}}],"line":143},"27":{"loc":{"start":{"line":143,"column":8},"end":{"line":143,"column":55}},"type":"binary-expr","locations":[{"start":{"line":143,"column":8},"end":{"line":143,"column":23}},{"start":{"line":143,"column":27},"end":{"line":143,"column":55}}],"line":143},"28":{"loc":{"start":{"line":157,"column":4},"end":{"line":157,"column":61}},"type":"if","locations":[{"start":{"line":157,"column":4},"end":{"line":157,"column":61}},{"start":{"line":157,"column":4},"end":{"line":157,"column":61}}],"line":157},"29":{"loc":{"start":{"line":167,"column":4},"end":{"line":600,"column":5}},"type":"if","locations":[{"start":{"line":167,"column":4},"end":{"line":600,"column":5}},{"start":{"line":167,"column":4},"end":{"line":600,"column":5}}],"line":167},"30":{"loc":{"start":{"line":167,"column":8},"end":{"line":167,"column":62}},"type":"binary-expr","locations":[{"start":{"line":167,"column":8},"end":{"line":167,"column":35}},{"start":{"line":167,"column":39},"end":{"line":167,"column":62}}],"line":167},"31":{"loc":{"start":{"line":174,"column":6},"end":{"line":174,"column":27}},"type":"if","locations":[{"start":{"line":174,"column":6},"end":{"line":174,"column":27}},{"start":{"line":174,"column":6},"end":{"line":174,"column":27}}],"line":174},"32":{"loc":{"start":{"line":204,"column":9},"end":{"line":600,"column":5}},"type":"if","locations":[{"start":{"line":204,"column":9},"end":{"line":600,"column":5}},{"start":{"line":204,"column":9},"end":{"line":600,"column":5}}],"line":204},"33":{"loc":{"start":{"line":205,"column":6},"end":{"line":551,"column":7}},"type":"switch","locations":[{"start":{"line":206,"column":8},"end":{"line":206,"column":32}},{"start":{"line":207,"column":8},"end":{"line":207,"column":36}},{"start":{"line":208,"column":8},"end":{"line":230,"column":16}},{"start":{"line":231,"column":8},"end":{"line":249,"column":16}},{"start":{"line":250,"column":8},"end":{"line":281,"column":16}},{"start":{"line":282,"column":8},"end":{"line":310,"column":16}},{"start":{"line":311,"column":8},"end":{"line":323,"column":16}},{"start":{"line":324,"column":8},"end":{"line":336,"column":16}},{"start":{"line":337,"column":8},"end":{"line":353,"column":16}},{"start":{"line":354,"column":8},"end":{"line":370,"column":16}},{"start":{"line":371,"column":8},"end":{"line":385,"column":16}},{"start":{"line":386,"column":8},"end":{"line":401,"column":16}},{"start":{"line":402,"column":8},"end":{"line":444,"column":16}},{"start":{"line":445,"column":8},"end":{"line":503,"column":16}},{"start":{"line":504,"column":8},"end":{"line":550,"column":58}}],"line":205},"34":{"loc":{"start":{"line":225,"column":18},"end":{"line":225,"column":38}},"type":"binary-expr","locations":[{"start":{"line":225,"column":18},"end":{"line":225,"column":33}},{"start":{"line":225,"column":37},"end":{"line":225,"column":38}}],"line":225},"35":{"loc":{"start":{"line":226,"column":20},"end":{"line":226,"column":40}},"type":"binary-expr","locations":[{"start":{"line":226,"column":20},"end":{"line":226,"column":27}},{"start":{"line":226,"column":31},"end":{"line":226,"column":40}}],"line":226},"36":{"loc":{"start":{"line":235,"column":10},"end":{"line":235,"column":34}},"type":"if","locations":[{"start":{"line":235,"column":10},"end":{"line":235,"column":34}},{"start":{"line":235,"column":10},"end":{"line":235,"column":34}}],"line":235},"37":{"loc":{"start":{"line":238,"column":18},"end":{"line":238,"column":33}},"type":"binary-expr","locations":[{"start":{"line":238,"column":18},"end":{"line":238,"column":28}},{"start":{"line":238,"column":32},"end":{"line":238,"column":33}}],"line":238},"38":{"loc":{"start":{"line":239,"column":20},"end":{"line":239,"column":40}},"type":"binary-expr","locations":[{"start":{"line":239,"column":20},"end":{"line":239,"column":27}},{"start":{"line":239,"column":31},"end":{"line":239,"column":40}}],"line":239},"39":{"loc":{"start":{"line":252,"column":12},"end":{"line":254,"column":13}},"type":"binary-expr","locations":[{"start":{"line":252,"column":12},"end":{"line":252,"column":50}},{"start":{"line":253,"column":12},"end":{"line":253,"column":52}},{"start":{"line":254,"column":12},"end":{"line":254,"column":13}}],"line":252},"40":{"loc":{"start":{"line":259,"column":10},"end":{"line":259,"column":31}},"type":"if","locations":[{"start":{"line":259,"column":10},"end":{"line":259,"column":31}},{"start":{"line":259,"column":10},"end":{"line":259,"column":31}}],"line":259},"41":{"loc":{"start":{"line":287,"column":10},"end":{"line":287,"column":31}},"type":"if","locations":[{"start":{"line":287,"column":10},"end":{"line":287,"column":31}},{"start":{"line":287,"column":10},"end":{"line":287,"column":31}}],"line":287},"42":{"loc":{"start":{"line":298,"column":16},"end":{"line":300,"column":36}},"type":"binary-expr","locations":[{"start":{"line":298,"column":16},"end":{"line":298,"column":43}},{"start":{"line":299,"column":16},"end":{"line":299,"column":35}},{"start":{"line":300,"column":16},"end":{"line":300,"column":36}}],"line":298},"43":{"loc":{"start":{"line":345,"column":10},"end":{"line":345,"column":49}},"type":"if","locations":[{"start":{"line":345,"column":10},"end":{"line":345,"column":49}},{"start":{"line":345,"column":10},"end":{"line":345,"column":49}}],"line":345},"44":{"loc":{"start":{"line":362,"column":10},"end":{"line":362,"column":49}},"type":"if","locations":[{"start":{"line":362,"column":10},"end":{"line":362,"column":49}},{"start":{"line":362,"column":10},"end":{"line":362,"column":49}}],"line":362},"45":{"loc":{"start":{"line":379,"column":16},"end":{"line":379,"column":45}},"type":"binary-expr","locations":[{"start":{"line":379,"column":16},"end":{"line":379,"column":33}},{"start":{"line":379,"column":37},"end":{"line":379,"column":45}}],"line":379},"46":{"loc":{"start":{"line":394,"column":16},"end":{"line":394,"column":45}},"type":"binary-expr","locations":[{"start":{"line":394,"column":16},"end":{"line":394,"column":33}},{"start":{"line":394,"column":37},"end":{"line":394,"column":45}}],"line":394},"47":{"loc":{"start":{"line":413,"column":12},"end":{"line":417,"column":21}},"type":"if","locations":[{"start":{"line":413,"column":12},"end":{"line":417,"column":21}},{"start":{"line":413,"column":12},"end":{"line":417,"column":21}}],"line":413},"48":{"loc":{"start":{"line":414,"column":14},"end":{"line":415,"column":35}},"type":"binary-expr","locations":[{"start":{"line":414,"column":14},"end":{"line":414,"column":66}},{"start":{"line":415,"column":14},"end":{"line":415,"column":35}}],"line":414},"49":{"loc":{"start":{"line":414,"column":16},"end":{"line":414,"column":65}},"type":"binary-expr","locations":[{"start":{"line":414,"column":16},"end":{"line":414,"column":42}},{"start":{"line":414,"column":46},"end":{"line":414,"column":65}}],"line":414},"50":{"loc":{"start":{"line":419,"column":18},"end":{"line":419,"column":66}},"type":"binary-expr","locations":[{"start":{"line":419,"column":18},"end":{"line":419,"column":43}},{"start":{"line":419,"column":47},"end":{"line":419,"column":66}}],"line":419},"51":{"loc":{"start":{"line":421,"column":24},"end":{"line":421,"column":66}},"type":"binary-expr","locations":[{"start":{"line":421,"column":24},"end":{"line":421,"column":48}},{"start":{"line":421,"column":52},"end":{"line":421,"column":66}}],"line":421},"52":{"loc":{"start":{"line":422,"column":20},"end":{"line":422,"column":65}},"type":"binary-expr","locations":[{"start":{"line":422,"column":20},"end":{"line":422,"column":33}},{"start":{"line":422,"column":37},"end":{"line":422,"column":51}},{"start":{"line":422,"column":55},"end":{"line":422,"column":65}}],"line":422},"53":{"loc":{"start":{"line":439,"column":14},"end":{"line":439,"column":80}},"type":"if","locations":[{"start":{"line":439,"column":14},"end":{"line":439,"column":80}},{"start":{"line":439,"column":14},"end":{"line":439,"column":80}}],"line":439},"54":{"loc":{"start":{"line":448,"column":26},"end":{"line":448,"column":45}},"type":"binary-expr","locations":[{"start":{"line":448,"column":26},"end":{"line":448,"column":39}},{"start":{"line":448,"column":43},"end":{"line":448,"column":45}}],"line":448},"55":{"loc":{"start":{"line":449,"column":26},"end":{"line":449,"column":45}},"type":"binary-expr","locations":[{"start":{"line":449,"column":26},"end":{"line":449,"column":39}},{"start":{"line":449,"column":43},"end":{"line":449,"column":45}}],"line":449},"56":{"loc":{"start":{"line":469,"column":12},"end":{"line":474,"column":13}},"type":"if","locations":[{"start":{"line":469,"column":12},"end":{"line":474,"column":13}},{"start":{"line":469,"column":12},"end":{"line":474,"column":13}}],"line":469},"57":{"loc":{"start":{"line":470,"column":14},"end":{"line":471,"column":35}},"type":"binary-expr","locations":[{"start":{"line":470,"column":14},"end":{"line":470,"column":66}},{"start":{"line":471,"column":14},"end":{"line":471,"column":35}}],"line":470},"58":{"loc":{"start":{"line":470,"column":16},"end":{"line":470,"column":65}},"type":"binary-expr","locations":[{"start":{"line":470,"column":16},"end":{"line":470,"column":42}},{"start":{"line":470,"column":46},"end":{"line":470,"column":65}}],"line":470},"59":{"loc":{"start":{"line":477,"column":18},"end":{"line":477,"column":56}},"type":"binary-expr","locations":[{"start":{"line":477,"column":18},"end":{"line":477,"column":44}},{"start":{"line":477,"column":48},"end":{"line":477,"column":56}}],"line":477},"60":{"loc":{"start":{"line":479,"column":24},"end":{"line":479,"column":55}},"type":"binary-expr","locations":[{"start":{"line":479,"column":24},"end":{"line":479,"column":37}},{"start":{"line":479,"column":41},"end":{"line":479,"column":55}}],"line":479},"61":{"loc":{"start":{"line":480,"column":20},"end":{"line":480,"column":71}},"type":"binary-expr","locations":[{"start":{"line":480,"column":20},"end":{"line":480,"column":33}},{"start":{"line":480,"column":37},"end":{"line":480,"column":51}},{"start":{"line":480,"column":55},"end":{"line":480,"column":71}}],"line":480},"62":{"loc":{"start":{"line":498,"column":14},"end":{"line":498,"column":80}},"type":"if","locations":[{"start":{"line":498,"column":14},"end":{"line":498,"column":80}},{"start":{"line":498,"column":14},"end":{"line":498,"column":80}}],"line":498},"63":{"loc":{"start":{"line":506,"column":21},"end":{"line":506,"column":34}},"type":"binary-expr","locations":[{"start":{"line":506,"column":21},"end":{"line":506,"column":28}},{"start":{"line":506,"column":32},"end":{"line":506,"column":34}}],"line":506},"64":{"loc":{"start":{"line":513,"column":10},"end":{"line":517,"column":11}},"type":"if","locations":[{"start":{"line":513,"column":10},"end":{"line":517,"column":11}},{"start":{"line":513,"column":10},"end":{"line":517,"column":11}}],"line":513},"65":{"loc":{"start":{"line":514,"column":25},"end":{"line":516,"column":56}},"type":"cond-expr","locations":[{"start":{"line":515,"column":16},"end":{"line":515,"column":54}},{"start":{"line":516,"column":16},"end":{"line":516,"column":56}}],"line":514},"66":{"loc":{"start":{"line":520,"column":27},"end":{"line":520,"column":49}},"type":"binary-expr","locations":[{"start":{"line":520,"column":27},"end":{"line":520,"column":40}},{"start":{"line":520,"column":44},"end":{"line":520,"column":49}}],"line":520},"67":{"loc":{"start":{"line":526,"column":14},"end":{"line":528,"column":39}},"type":"cond-expr","locations":[{"start":{"line":527,"column":18},"end":{"line":527,"column":67}},{"start":{"line":528,"column":18},"end":{"line":528,"column":39}}],"line":526},"68":{"loc":{"start":{"line":533,"column":10},"end":{"line":539,"column":11}},"type":"if","locations":[{"start":{"line":533,"column":10},"end":{"line":539,"column":11}},{"start":{"line":533,"column":10},"end":{"line":539,"column":11}}],"line":533},"69":{"loc":{"start":{"line":534,"column":12},"end":{"line":534,"column":68}},"type":"if","locations":[{"start":{"line":534,"column":12},"end":{"line":534,"column":68}},{"start":{"line":534,"column":12},"end":{"line":534,"column":68}}],"line":534},"70":{"loc":{"start":{"line":535,"column":12},"end":{"line":535,"column":74}},"type":"if","locations":[{"start":{"line":535,"column":12},"end":{"line":535,"column":74}},{"start":{"line":535,"column":12},"end":{"line":535,"column":74}}],"line":535},"71":{"loc":{"start":{"line":536,"column":12},"end":{"line":536,"column":74}},"type":"if","locations":[{"start":{"line":536,"column":12},"end":{"line":536,"column":74}},{"start":{"line":536,"column":12},"end":{"line":536,"column":74}}],"line":536},"72":{"loc":{"start":{"line":537,"column":12},"end":{"line":537,"column":77}},"type":"if","locations":[{"start":{"line":537,"column":12},"end":{"line":537,"column":77}},{"start":{"line":537,"column":12},"end":{"line":537,"column":77}}],"line":537},"73":{"loc":{"start":{"line":538,"column":12},"end":{"line":538,"column":71}},"type":"if","locations":[{"start":{"line":538,"column":12},"end":{"line":538,"column":71}},{"start":{"line":538,"column":12},"end":{"line":538,"column":71}}],"line":538},"74":{"loc":{"start":{"line":555,"column":26},"end":{"line":555,"column":39}},"type":"binary-expr","locations":[{"start":{"line":555,"column":26},"end":{"line":555,"column":33}},{"start":{"line":555,"column":37},"end":{"line":555,"column":39}}],"line":555},"75":{"loc":{"start":{"line":562,"column":6},"end":{"line":566,"column":7}},"type":"if","locations":[{"start":{"line":562,"column":6},"end":{"line":566,"column":7}},{"start":{"line":562,"column":6},"end":{"line":566,"column":7}}],"line":562},"76":{"loc":{"start":{"line":563,"column":21},"end":{"line":565,"column":52}},"type":"cond-expr","locations":[{"start":{"line":564,"column":12},"end":{"line":564,"column":50}},{"start":{"line":565,"column":12},"end":{"line":565,"column":52}}],"line":563},"77":{"loc":{"start":{"line":569,"column":23},"end":{"line":569,"column":45}},"type":"binary-expr","locations":[{"start":{"line":569,"column":23},"end":{"line":569,"column":36}},{"start":{"line":569,"column":40},"end":{"line":569,"column":45}}],"line":569},"78":{"loc":{"start":{"line":575,"column":10},"end":{"line":577,"column":35}},"type":"cond-expr","locations":[{"start":{"line":576,"column":14},"end":{"line":576,"column":63}},{"start":{"line":577,"column":14},"end":{"line":577,"column":35}}],"line":575},"79":{"loc":{"start":{"line":582,"column":6},"end":{"line":588,"column":7}},"type":"if","locations":[{"start":{"line":582,"column":6},"end":{"line":588,"column":7}},{"start":{"line":582,"column":6},"end":{"line":588,"column":7}}],"line":582},"80":{"loc":{"start":{"line":583,"column":8},"end":{"line":583,"column":64}},"type":"if","locations":[{"start":{"line":583,"column":8},"end":{"line":583,"column":64}},{"start":{"line":583,"column":8},"end":{"line":583,"column":64}}],"line":583},"81":{"loc":{"start":{"line":584,"column":8},"end":{"line":584,"column":70}},"type":"if","locations":[{"start":{"line":584,"column":8},"end":{"line":584,"column":70}},{"start":{"line":584,"column":8},"end":{"line":584,"column":70}}],"line":584},"82":{"loc":{"start":{"line":585,"column":8},"end":{"line":585,"column":70}},"type":"if","locations":[{"start":{"line":585,"column":8},"end":{"line":585,"column":70}},{"start":{"line":585,"column":8},"end":{"line":585,"column":70}}],"line":585},"83":{"loc":{"start":{"line":586,"column":8},"end":{"line":586,"column":73}},"type":"if","locations":[{"start":{"line":586,"column":8},"end":{"line":586,"column":73}},{"start":{"line":586,"column":8},"end":{"line":586,"column":73}}],"line":586},"84":{"loc":{"start":{"line":587,"column":8},"end":{"line":587,"column":67}},"type":"if","locations":[{"start":{"line":587,"column":8},"end":{"line":587,"column":67}},{"start":{"line":587,"column":8},"end":{"line":587,"column":67}}],"line":587},"85":{"loc":{"start":{"line":612,"column":25},"end":{"line":612,"column":72}},"type":"binary-expr","locations":[{"start":{"line":612,"column":25},"end":{"line":612,"column":66}},{"start":{"line":612,"column":70},"end":{"line":612,"column":72}}],"line":612},"86":{"loc":{"start":{"line":614,"column":4},"end":{"line":623,"column":26}},"type":"if","locations":[{"start":{"line":614,"column":4},"end":{"line":623,"column":26}},{"start":{"line":614,"column":4},"end":{"line":623,"column":26}}],"line":614},"87":{"loc":{"start":{"line":615,"column":6},"end":{"line":616,"column":33}},"type":"binary-expr","locations":[{"start":{"line":615,"column":6},"end":{"line":615,"column":48}},{"start":{"line":616,"column":6},"end":{"line":616,"column":33}}],"line":615},"88":{"loc":{"start":{"line":619,"column":9},"end":{"line":623,"column":26}},"type":"if","locations":[{"start":{"line":619,"column":9},"end":{"line":623,"column":26}},{"start":{"line":619,"column":9},"end":{"line":623,"column":26}}],"line":619},"89":{"loc":{"start":{"line":621,"column":9},"end":{"line":623,"column":26}},"type":"if","locations":[{"start":{"line":621,"column":9},"end":{"line":623,"column":26}},{"start":{"line":621,"column":9},"end":{"line":623,"column":26}}],"line":621},"90":{"loc":{"start":{"line":629,"column":4},"end":{"line":635,"column":5}},"type":"if","locations":[{"start":{"line":629,"column":4},"end":{"line":635,"column":5}},{"start":{"line":629,"column":4},"end":{"line":635,"column":5}}],"line":629},"91":{"loc":{"start":{"line":630,"column":6},"end":{"line":630,"column":63}},"type":"if","locations":[{"start":{"line":630,"column":6},"end":{"line":630,"column":63}},{"start":{"line":630,"column":6},"end":{"line":630,"column":63}}],"line":630},"92":{"loc":{"start":{"line":631,"column":6},"end":{"line":631,"column":69}},"type":"if","locations":[{"start":{"line":631,"column":6},"end":{"line":631,"column":69}},{"start":{"line":631,"column":6},"end":{"line":631,"column":69}}],"line":631},"93":{"loc":{"start":{"line":632,"column":6},"end":{"line":632,"column":69}},"type":"if","locations":[{"start":{"line":632,"column":6},"end":{"line":632,"column":69}},{"start":{"line":632,"column":6},"end":{"line":632,"column":69}}],"line":632},"94":{"loc":{"start":{"line":633,"column":6},"end":{"line":633,"column":72}},"type":"if","locations":[{"start":{"line":633,"column":6},"end":{"line":633,"column":72}},{"start":{"line":633,"column":6},"end":{"line":633,"column":72}}],"line":633},"95":{"loc":{"start":{"line":634,"column":6},"end":{"line":634,"column":66}},"type":"if","locations":[{"start":{"line":634,"column":6},"end":{"line":634,"column":66}},{"start":{"line":634,"column":6},"end":{"line":634,"column":66}}],"line":634},"96":{"loc":{"start":{"line":646,"column":6},"end":{"line":648,"column":7}},"type":"if","locations":[{"start":{"line":646,"column":6},"end":{"line":648,"column":7}},{"start":{"line":646,"column":6},"end":{"line":648,"column":7}}],"line":646},"97":{"loc":{"start":{"line":662,"column":4},"end":{"line":662,"column":76}},"type":"if","locations":[{"start":{"line":662,"column":4},"end":{"line":662,"column":76}},{"start":{"line":662,"column":4},"end":{"line":662,"column":76}}],"line":662},"98":{"loc":{"start":{"line":666,"column":4},"end":{"line":666,"column":50}},"type":"if","locations":[{"start":{"line":666,"column":4},"end":{"line":666,"column":50}},{"start":{"line":666,"column":4},"end":{"line":666,"column":50}}],"line":666},"99":{"loc":{"start":{"line":671,"column":4},"end":{"line":673,"column":5}},"type":"if","locations":[{"start":{"line":671,"column":4},"end":{"line":673,"column":5}},{"start":{"line":671,"column":4},"end":{"line":673,"column":5}}],"line":671},"100":{"loc":{"start":{"line":671,"column":8},"end":{"line":671,"column":46}},"type":"binary-expr","locations":[{"start":{"line":671,"column":8},"end":{"line":671,"column":16}},{"start":{"line":671,"column":20},"end":{"line":671,"column":46}}],"line":671},"101":{"loc":{"start":{"line":676,"column":4},"end":{"line":678,"column":5}},"type":"if","locations":[{"start":{"line":676,"column":4},"end":{"line":678,"column":5}},{"start":{"line":676,"column":4},"end":{"line":678,"column":5}}],"line":676},"102":{"loc":{"start":{"line":676,"column":8},"end":{"line":676,"column":36}},"type":"binary-expr","locations":[{"start":{"line":676,"column":8},"end":{"line":676,"column":12}},{"start":{"line":676,"column":16},"end":{"line":676,"column":36}}],"line":676},"103":{"loc":{"start":{"line":717,"column":8},"end":{"line":717,"column":56}},"type":"if","locations":[{"start":{"line":717,"column":8},"end":{"line":717,"column":56}},{"start":{"line":717,"column":8},"end":{"line":717,"column":56}}],"line":717},"104":{"loc":{"start":{"line":718,"column":8},"end":{"line":718,"column":51}},"type":"if","locations":[{"start":{"line":718,"column":8},"end":{"line":718,"column":51}},{"start":{"line":718,"column":8},"end":{"line":718,"column":51}}],"line":718},"105":{"loc":{"start":{"line":718,"column":12},"end":{"line":718,"column":32}},"type":"binary-expr","locations":[{"start":{"line":718,"column":12},"end":{"line":718,"column":17}},{"start":{"line":718,"column":21},"end":{"line":718,"column":32}}],"line":718},"106":{"loc":{"start":{"line":726,"column":4},"end":{"line":726,"column":38}},"type":"if","locations":[{"start":{"line":726,"column":4},"end":{"line":726,"column":38}},{"start":{"line":726,"column":4},"end":{"line":726,"column":38}}],"line":726},"107":{"loc":{"start":{"line":726,"column":8},"end":{"line":726,"column":27}},"type":"binary-expr","locations":[{"start":{"line":726,"column":8},"end":{"line":726,"column":14}},{"start":{"line":726,"column":18},"end":{"line":726,"column":27}}],"line":726},"108":{"loc":{"start":{"line":754,"column":4},"end":{"line":763,"column":5}},"type":"if","locations":[{"start":{"line":754,"column":4},"end":{"line":763,"column":5}},{"start":{"line":754,"column":4},"end":{"line":763,"column":5}}],"line":754},"109":{"loc":{"start":{"line":755,"column":6},"end":{"line":762,"column":7}},"type":"if","locations":[{"start":{"line":755,"column":6},"end":{"line":762,"column":7}},{"start":{"line":755,"column":6},"end":{"line":762,"column":7}}],"line":755},"110":{"loc":{"start":{"line":773,"column":4},"end":{"line":773,"column":28}},"type":"if","locations":[{"start":{"line":773,"column":4},"end":{"line":773,"column":28}},{"start":{"line":773,"column":4},"end":{"line":773,"column":28}}],"line":773},"111":{"loc":{"start":{"line":775,"column":4},"end":{"line":775,"column":69}},"type":"if","locations":[{"start":{"line":775,"column":4},"end":{"line":775,"column":69}},{"start":{"line":775,"column":4},"end":{"line":775,"column":69}}],"line":775},"112":{"loc":{"start":{"line":775,"column":8},"end":{"line":775,"column":42}},"type":"binary-expr","locations":[{"start":{"line":775,"column":8},"end":{"line":775,"column":21}},{"start":{"line":775,"column":25},"end":{"line":775,"column":42}}],"line":775},"113":{"loc":{"start":{"line":785,"column":18},"end":{"line":785,"column":34}},"type":"binary-expr","locations":[{"start":{"line":785,"column":18},"end":{"line":785,"column":28}},{"start":{"line":785,"column":32},"end":{"line":785,"column":34}}],"line":785},"114":{"loc":{"start":{"line":787,"column":6},"end":{"line":787,"column":70}},"type":"binary-expr","locations":[{"start":{"line":787,"column":6},"end":{"line":787,"column":25}},{"start":{"line":787,"column":29},"end":{"line":787,"column":70}}],"line":787},"115":{"loc":{"start":{"line":797,"column":4},"end":{"line":800,"column":5}},"type":"if","locations":[{"start":{"line":797,"column":4},"end":{"line":800,"column":5}},{"start":{"line":797,"column":4},"end":{"line":800,"column":5}}],"line":797},"116":{"loc":{"start":{"line":828,"column":10},"end":{"line":828,"column":50}},"type":"binary-expr","locations":[{"start":{"line":828,"column":10},"end":{"line":828,"column":25}},{"start":{"line":828,"column":29},"end":{"line":828,"column":37}},{"start":{"line":828,"column":41},"end":{"line":828,"column":50}}],"line":828},"117":{"loc":{"start":{"line":838,"column":4},"end":{"line":840,"column":5}},"type":"if","locations":[{"start":{"line":838,"column":4},"end":{"line":840,"column":5}},{"start":{"line":838,"column":4},"end":{"line":840,"column":5}}],"line":838},"118":{"loc":{"start":{"line":843,"column":4},"end":{"line":843,"column":40}},"type":"if","locations":[{"start":{"line":843,"column":4},"end":{"line":843,"column":40}},{"start":{"line":843,"column":4},"end":{"line":843,"column":40}}],"line":843},"119":{"loc":{"start":{"line":866,"column":38},"end":{"line":866,"column":48}},"type":"binary-expr","locations":[{"start":{"line":866,"column":38},"end":{"line":866,"column":42}},{"start":{"line":866,"column":46},"end":{"line":866,"column":48}}],"line":866},"120":{"loc":{"start":{"line":877,"column":6},"end":{"line":877,"column":70}},"type":"binary-expr","locations":[{"start":{"line":877,"column":6},"end":{"line":877,"column":47}},{"start":{"line":877,"column":51},"end":{"line":877,"column":70}}],"line":877},"121":{"loc":{"start":{"line":878,"column":6},"end":{"line":878,"column":57}},"type":"binary-expr","locations":[{"start":{"line":878,"column":6},"end":{"line":878,"column":33}},{"start":{"line":878,"column":37},"end":{"line":878,"column":57}}],"line":878},"122":{"loc":{"start":{"line":893,"column":4},"end":{"line":895,"column":5}},"type":"if","locations":[{"start":{"line":893,"column":4},"end":{"line":895,"column":5}},{"start":{"line":893,"column":4},"end":{"line":895,"column":5}}],"line":893},"123":{"loc":{"start":{"line":907,"column":4},"end":{"line":913,"column":5}},"type":"if","locations":[{"start":{"line":907,"column":4},"end":{"line":913,"column":5}},{"start":{"line":907,"column":4},"end":{"line":913,"column":5}}],"line":907},"124":{"loc":{"start":{"line":908,"column":6},"end":{"line":910,"column":27}},"type":"binary-expr","locations":[{"start":{"line":908,"column":6},"end":{"line":908,"column":37}},{"start":{"line":909,"column":6},"end":{"line":909,"column":37}},{"start":{"line":910,"column":6},"end":{"line":910,"column":27}}],"line":908},"125":{"loc":{"start":{"line":935,"column":11},"end":{"line":935,"column":53}},"type":"cond-expr","locations":[{"start":{"line":935,"column":30},"end":{"line":935,"column":46}},{"start":{"line":935,"column":49},"end":{"line":935,"column":53}}],"line":935}},"s":{"0":8,"1":8,"2":8,"3":8,"4":8,"5":8,"6":8,"7":8,"8":8,"9":8,"10":8,"11":8,"12":8,"13":8,"14":8,"15":8,"16":8,"17":8,"18":8,"19":8,"20":8,"21":8,"22":8,"23":8,"24":0,"25":8,"26":8,"27":8,"28":0,"29":8,"30":8,"31":0,"32":8,"33":8,"34":0,"35":8,"36":8,"37":8,"38":8,"39":8,"40":8,"41":8,"42":8,"43":0,"44":8,"45":8,"46":8,"47":8,"48":0,"49":8,"50":0,"51":8,"52":0,"53":8,"54":0,"55":0,"56":0,"57":0,"58":0,"59":0,"60":0,"61":4,"62":4,"63":4,"64":0,"65":0,"66":0,"67":0,"68":0,"69":0,"70":0,"71":0,"72":0,"73":0,"74":0,"75":4,"76":0,"77":0,"78":0,"79":0,"80":0,"81":0,"82":0,"83":0,"84":0,"85":0,"86":0,"87":0,"88":0,"89":0,"90":0,"91":0,"92":0,"93":0,"94":0,"95":0,"96":0,"97":0,"98":0,"99":0,"100":0,"101":0,"102":0,"103":0,"104":0,"105":0,"106":0,"107":0,"108":0,"109":0,"110":0,"111":0,"112":0,"113":0,"114":0,"115":0,"116":0,"117":0,"118":0,"119":0,"120":0,"121":0,"122":0,"123":0,"124":0,"125":0,"126":0,"127":0,"128":0,"129":0,"130":0,"131":0,"132":0,"133":0,"134":0,"135":0,"136":0,"137":0,"138":0,"139":0,"140":0,"141":0,"142":0,"143":0,"144":0,"145":0,"146":0,"147":0,"148":0,"149":0,"150":0,"151":0,"152":0,"153":0,"154":0,"155":0,"156":0,"157":0,"158":0,"159":0,"160":0,"161":0,"162":0,"163":0,"164":0,"165":0,"166":0,"167":0,"168":0,"169":0,"170":0,"171":0,"172":0,"173":0,"174":0,"175":0,"176":0,"177":0,"178":0,"179":0,"180":0,"181":0,"182":0,"183":0,"184":0,"185":0,"186":0,"187":0,"188":0,"189":0,"190":0,"191":0,"192":0,"193":0,"194":0,"195":0,"196":0,"197":0,"198":0,"199":0,"200":0,"201":0,"202":0,"203":0,"204":0,"205":0,"206":0,"207":0,"208":0,"209":0,"210":0,"211":0,"212":0,"213":0,"214":0,"215":0,"216":0,"217":0,"218":0,"219":4,"220":4,"221":4,"222":4,"223":4,"224":4,"225":4,"226":4,"227":4,"228":4,"229":4,"230":4,"231":0,"232":0,"233":0,"234":0,"235":0,"236":0,"237":0,"238":0,"239":0,"240":0,"241":4,"242":4,"243":4,"244":1,"245":1,"246":1,"247":1,"248":1,"249":1,"250":1,"251":1,"252":1,"253":0,"254":1,"255":0,"256":1,"257":1,"258":0,"259":1,"260":1,"261":1,"262":1,"263":0,"264":0,"265":0,"266":0,"267":0,"268":0,"269":0,"270":0,"271":0,"272":0,"273":1,"274":1,"275":1,"276":0,"277":0,"278":0,"279":1,"280":1,"281":1,"282":1,"283":0,"284":1,"285":1,"286":0,"287":1,"288":1,"289":1,"290":1,"291":1,"292":1,"293":0,"294":0,"295":0,"296":5,"297":5,"298":15,"299":0,"300":0,"301":0,"302":0,"303":0,"304":5,"305":4,"306":2,"307":2,"308":5,"309":5,"310":5,"311":0,"312":5,"313":5,"314":0,"315":5,"316":5,"317":0,"318":5,"319":5,"320":0,"321":0,"322":0,"323":0,"324":0,"325":1,"326":0,"327":1,"328":1,"329":0,"330":1,"331":0,"332":0,"333":0,"334":0,"335":0,"336":0,"337":0,"338":0,"339":0,"340":0,"341":0,"342":0,"343":0,"344":0,"345":0,"346":0,"347":0,"348":0,"349":0,"350":0,"351":0,"352":0,"353":0,"354":0,"355":0,"356":0,"357":0,"358":0,"359":0,"360":0,"361":0,"362":0,"363":0,"364":0,"365":0,"366":0,"367":0,"368":0,"369":0,"370":0,"371":0,"372":0},"f":{"0":8,"1":0,"2":8,"3":8,"4":0,"5":4,"6":0,"7":0,"8":0,"9":0,"10":0,"11":0,"12":0,"13":0,"14":1,"15":0,"16":0,"17":5,"18":15,"19":0,"20":4,"21":5,"22":0,"23":1,"24":0,"25":0,"26":0,"27":0,"28":0,"29":0,"30":0,"31":0},"b":{"0":[8,8],"1":[8,5],"2":[8,5],"3":[8,5],"4":[8,8],"5":[8,8],"6":[8,8],"7":[8,8],"8":[8,8],"9":[8,8],"10":[8,8],"11":[8,8],"12":[8,8],"13":[8,8],"14":[8,8],"15":[8,8],"16":[8,8],"17":[8,8],"18":[8,8],"19":[8,1],"20":[8,1],"21":[0,8],"22":[8,0],"23":[0,8],"24":[0,8],"25":[0,8],"26":[0,0],"27":[0,0],"28":[0,0],"29":[0,4],"30":[4,0],"31":[0,0],"32":[0,4],"33":[0,0,0,0,0,0,0,0,0,0,0,0,0,0,0],"34":[0,0],"35":[0,0],"36":[0,0],"37":[0,0],"38":[0,0],"39":[0,0,0],"40":[0,0],"41":[0,0],"42":[0,0,0],"43":[0,0],"44":[0,0],"45":[0,0],"46":[0,0],"47":[0,0],"48":[0,0],"49":[0,0],"50":[0,0],"51":[0,0],"52":[0,0,0],"53":[0,0],"54":[0,0],"55":[0,0],"56":[0,0],"57":[0,0],"58":[0,0],"59":[0,0],"60":[0,0],"61":[0,0,0],"62":[0,0],"63":[0,0],"64":[0,0],"65":[0,0],"66":[0,0],"67":[0,0],"68":[0,0],"69":[0,0],"70":[0,0],"71":[0,0],"72":[0,0],"73":[0,0],"74":[4,2],"75":[4,0],"76":[2,2],"77":[4,1],"78":[1,3],"79":[0,4],"80":[0,0],"81":[0,0],"82":[0,0],"83":[0,0],"84":[0,0],"85":[1,1],"86":[0,1],"87":[1,0],"88":[0,1],"89":[1,0],"90":[0,1],"91":[0,0],"92":[0,0],"93":[0,0],"94":[0,0],"95":[0,0],"96":[0,0],"97":[0,1],"98":[0,1],"99":[1,0],"100":[1,1],"101":[1,0],"102":[1,1],"103":[0,0],"104":[0,0],"105":[0,0],"106":[2,2],"107":[4,2],"108":[0,5],"109":[0,0],"110":[0,1],"111":[0,1],"112":[1,0],"113":[0,0],"114":[0,0],"115":[0,0],"116":[0,0,0],"117":[0,0],"118":[0,0],"119":[0,0],"120":[0,0],"121":[0,0],"122":[0,0],"123":[0,0],"124":[0,0,0],"125":[0,0]},"_coverageSchema":"1a1c01bbd47fc00a2c39e90264f33305004495a9","hash":"1f26e7a3e9f1b6050cdfa39297a3a0674c65cc3a"}
,"/Users/sayanmitra/Desktop/rudder-sdk-master/js/rudder-sdk-js/utils/logUtil.js": {"path":"/Users/sayanmitra/Desktop/rudder-sdk-master/js/rudder-sdk-js/utils/logUtil.js","statementMap":{"0":{"start":{"line":1,"column":21},"end":{"line":1,"column":22}},"1":{"start":{"line":2,"column":22},"end":{"line":2,"column":23}},"2":{"start":{"line":3,"column":21},"end":{"line":3,"column":22}},"3":{"start":{"line":4,"column":22},"end":{"line":4,"column":23}},"4":{"start":{"line":5,"column":16},"end":{"line":5,"column":31}},"5":{"start":{"line":7,"column":13},"end":{"line":47,"column":1}},"6":{"start":{"line":10,"column":8},"end":{"line":20,"column":9}},"7":{"start":{"line":12,"column":16},"end":{"line":12,"column":43}},"8":{"start":{"line":13,"column":16},"end":{"line":13,"column":22}},"9":{"start":{"line":15,"column":16},"end":{"line":15,"column":44}},"10":{"start":{"line":16,"column":16},"end":{"line":16,"column":22}},"11":{"start":{"line":18,"column":16},"end":{"line":18,"column":43}},"12":{"start":{"line":19,"column":16},"end":{"line":19,"column":22}},"13":{"start":{"line":24,"column":8},"end":{"line":26,"column":9}},"14":{"start":{"line":25,"column":12},"end":{"line":25,"column":39}},"15":{"start":{"line":30,"column":8},"end":{"line":32,"column":9}},"16":{"start":{"line":31,"column":12},"end":{"line":31,"column":40}},"17":{"start":{"line":36,"column":8},"end":{"line":38,"column":9}},"18":{"start":{"line":37,"column":12},"end":{"line":37,"column":39}},"19":{"start":{"line":42,"column":8},"end":{"line":44,"column":9}},"20":{"start":{"line":43,"column":12},"end":{"line":43,"column":40}}},"fnMap":{"0":{"name":"(anonymous_0)","decl":{"start":{"line":9,"column":18},"end":{"line":9,"column":19}},"loc":{"start":{"line":9,"column":36},"end":{"line":21,"column":5}},"line":9},"1":{"name":"(anonymous_1)","decl":{"start":{"line":23,"column":11},"end":{"line":23,"column":12}},"loc":{"start":{"line":23,"column":21},"end":{"line":27,"column":5}},"line":23},"2":{"name":"(anonymous_2)","decl":{"start":{"line":29,"column":12},"end":{"line":29,"column":13}},"loc":{"start":{"line":29,"column":22},"end":{"line":33,"column":5}},"line":29},"3":{"name":"(anonymous_3)","decl":{"start":{"line":35,"column":11},"end":{"line":35,"column":12}},"loc":{"start":{"line":35,"column":21},"end":{"line":39,"column":5}},"line":35},"4":{"name":"(anonymous_4)","decl":{"start":{"line":41,"column":12},"end":{"line":41,"column":13}},"loc":{"start":{"line":41,"column":22},"end":{"line":45,"column":5}},"line":41}},"branchMap":{"0":{"loc":{"start":{"line":10,"column":8},"end":{"line":20,"column":9}},"type":"switch","locations":[{"start":{"line":11,"column":12},"end":{"line":13,"column":22}},{"start":{"line":14,"column":12},"end":{"line":16,"column":22}},{"start":{"line":17,"column":12},"end":{"line":19,"column":22}}],"line":10},"1":{"loc":{"start":{"line":24,"column":8},"end":{"line":26,"column":9}},"type":"if","locations":[{"start":{"line":24,"column":8},"end":{"line":26,"column":9}},{"start":{"line":24,"column":8},"end":{"line":26,"column":9}}],"line":24},"2":{"loc":{"start":{"line":30,"column":8},"end":{"line":32,"column":9}},"type":"if","locations":[{"start":{"line":30,"column":8},"end":{"line":32,"column":9}},{"start":{"line":30,"column":8},"end":{"line":32,"column":9}}],"line":30},"3":{"loc":{"start":{"line":36,"column":8},"end":{"line":38,"column":9}},"type":"if","locations":[{"start":{"line":36,"column":8},"end":{"line":38,"column":9}},{"start":{"line":36,"column":8},"end":{"line":38,"column":9}}],"line":36},"4":{"loc":{"start":{"line":42,"column":8},"end":{"line":44,"column":9}},"type":"if","locations":[{"start":{"line":42,"column":8},"end":{"line":44,"column":9}},{"start":{"line":42,"column":8},"end":{"line":44,"column":9}}],"line":42}},"s":{"0":1,"1":1,"2":1,"3":1,"4":1,"5":1,"6":0,"7":0,"8":0,"9":0,"10":0,"11":0,"12":0,"13":0,"14":0,"15":13,"16":0,"17":0,"18":0,"19":0,"20":0},"f":{"0":0,"1":0,"2":13,"3":0,"4":0},"b":{"0":[0,0,0],"1":[0,0],"2":[0,13],"3":[0,0],"4":[0,0]},"_coverageSchema":"1a1c01bbd47fc00a2c39e90264f33305004495a9","hash":"b1cd55e80905ad19770ae0ff70039075ecdb37cb"}
,"/Users/sayanmitra/Desktop/rudder-sdk-master/js/rudder-sdk-js/utils/utils.js": {"path":"/Users/sayanmitra/Desktop/rudder-sdk-master/js/rudder-sdk-js/utils/utils.js","statementMap":{"0":{"start":{"line":7,"column":0},"end":{"line":9,"column":1}},"1":{"start":{"line":8,"column":2},"end":{"line":8,"column":49}},"2":{"start":{"line":12,"column":0},"end":{"line":14,"column":1}},"3":{"start":{"line":13,"column":2},"end":{"line":13,"column":29}},"4":{"start":{"line":24,"column":2},"end":{"line":28,"column":3}},"5":{"start":{"line":25,"column":4},"end":{"line":25,"column":21}},"6":{"start":{"line":27,"column":4},"end":{"line":27,"column":17}},"7":{"start":{"line":38,"column":10},"end":{"line":38,"column":30}},"8":{"start":{"line":39,"column":2},"end":{"line":44,"column":3}},"9":{"start":{"line":43,"column":4},"end":{"line":43,"column":27}},"10":{"start":{"line":45,"column":2},"end":{"line":49,"column":5}},"11":{"start":{"line":46,"column":12},"end":{"line":46,"column":45}},"12":{"start":{"line":47,"column":4},"end":{"line":47,"column":27}},"13":{"start":{"line":48,"column":4},"end":{"line":48,"column":58}},"14":{"start":{"line":58,"column":20},"end":{"line":58,"column":44}},"15":{"start":{"line":67,"column":2},"end":{"line":67,"column":21}},"16":{"start":{"line":81,"column":2},"end":{"line":85,"column":3}},"17":{"start":{"line":82,"column":14},"end":{"line":82,"column":34}},"18":{"start":{"line":84,"column":14},"end":{"line":84,"column":53}},"19":{"start":{"line":86,"column":2},"end":{"line":86,"column":30}},"20":{"start":{"line":87,"column":2},"end":{"line":95,"column":4}},"21":{"start":{"line":88,"column":17},"end":{"line":88,"column":27}},"22":{"start":{"line":89,"column":4},"end":{"line":94,"column":5}},"23":{"start":{"line":90,"column":6},"end":{"line":90,"column":33}},"24":{"start":{"line":91,"column":6},"end":{"line":91,"column":59}},"25":{"start":{"line":93,"column":6},"end":{"line":93,"column":23}},"26":{"start":{"line":96,"column":2},"end":{"line":96,"column":13}},"27":{"start":{"line":108,"column":12},"end":{"line":108,"column":34}},"28":{"start":{"line":110,"column":2},"end":{"line":114,"column":3}},"29":{"start":{"line":111,"column":14},"end":{"line":111,"column":34}},"30":{"start":{"line":113,"column":14},"end":{"line":113,"column":53}},"31":{"start":{"line":115,"column":2},"end":{"line":115,"column":29}},"32":{"start":{"line":116,"column":2},"end":{"line":120,"column":3}},"33":{"start":{"line":117,"column":4},"end":{"line":117,"column":75}},"34":{"start":{"line":119,"column":4},"end":{"line":119,"column":79}},"35":{"start":{"line":122,"column":2},"end":{"line":135,"column":4}},"36":{"start":{"line":123,"column":17},"end":{"line":123,"column":27}},"37":{"start":{"line":124,"column":4},"end":{"line":134,"column":5}},"38":{"start":{"line":125,"column":6},"end":{"line":125,"column":55}},"39":{"start":{"line":126,"column":6},"end":{"line":126,"column":33}},"40":{"start":{"line":128,"column":6},"end":{"line":132,"column":8}},"41":{"start":{"line":133,"column":6},"end":{"line":133,"column":18}},"42":{"start":{"line":136,"column":2},"end":{"line":136,"column":13}},"43":{"start":{"line":140,"column":21},"end":{"line":140,"column":62}},"44":{"start":{"line":141,"column":26},"end":{"line":141,"column":35}},"45":{"start":{"line":142,"column":2},"end":{"line":166,"column":3}},"46":{"start":{"line":143,"column":4},"end":{"line":160,"column":5}},"47":{"start":{"line":144,"column":6},"end":{"line":159,"column":7}},"48":{"start":{"line":145,"column":8},"end":{"line":149,"column":26}},"49":{"start":{"line":150,"column":8},"end":{"line":158,"column":9}},"50":{"start":{"line":151,"column":10},"end":{"line":151,"column":35}},"51":{"start":{"line":152,"column":10},"end":{"line":157,"column":12}},"52":{"start":{"line":161,"column":4},"end":{"line":163,"column":5}},"53":{"start":{"line":16
[...]
,"column":18}},"loc":{"start":{"line":362,"column":28},"end":{"line":365,"column":1}},"line":362},"22":{"name":"(anonymous_22)","decl":{"start":{"line":372,"column":18},"end":{"line":372,"column":19}},"loc":{"start":{"line":372,"column":37},"end":{"line":380,"column":1}},"line":372},"23":{"name":"(anonymous_23)","decl":{"start":{"line":388,"column":19},"end":{"line":388,"column":20}},"loc":{"start":{"line":388,"column":38},"end":{"line":398,"column":1}},"line":388},"24":{"name":"compact","decl":{"start":{"line":400,"column":9},"end":{"line":400,"column":16}},"loc":{"start":{"line":400,"column":24},"end":{"line":402,"column":1}},"line":400},"25":{"name":"type","decl":{"start":{"line":408,"column":9},"end":{"line":408,"column":13}},"loc":{"start":{"line":408,"column":19},"end":{"line":427,"column":1}},"line":408}},"branchMap":{"0":{"loc":{"start":{"line":7,"column":0},"end":{"line":9,"column":1}},"type":"if","locations":[{"start":{"line":7,"column":0},"end":{"line":9,"column":1}},{"start":{"line":7,"column":0},"end":{"line":9,"column":1}}],"line":7},"1":{"loc":{"start":{"line":12,"column":0},"end":{"line":14,"column":1}},"type":"if","locations":[{"start":{"line":12,"column":0},"end":{"line":14,"column":1}},{"start":{"line":12,"column":0},"end":{"line":14,"column":1}}],"line":12},"2":{"loc":{"start":{"line":24,"column":2},"end":{"line":28,"column":3}},"type":"if","locations":[{"start":{"line":24,"column":2},"end":{"line":28,"column":3}},{"start":{"line":24,"column":2},"end":{"line":28,"column":3}}],"line":24},"3":{"loc":{"start":{"line":24,"column":6},"end":{"line":24,"column":43}},"type":"binary-expr","locations":[{"start":{"line":24,"column":6},"end":{"line":24,"column":20}},{"start":{"line":24,"column":24},"end":{"line":24,"column":43}}],"line":24},"4":{"loc":{"start":{"line":39,"column":2},"end":{"line":44,"column":3}},"type":"if","locations":[{"start":{"line":39,"column":2},"end":{"line":44,"column":3}},{"start":{"line":39,"column":2},"end":{"line":44,"column":3}}],"line":39},"5":{"loc":{"start":{"line":40,"column":4},"end":{"line":41,"column":41}},"type":"binary-expr","locations":[{"start":{"line":40,"column":4},"end":{"line":40,"column":38}},{"start":{"line":41,"column":4},"end":{"line":41,"column":41}}],"line":40},"6":{"loc":{"start":{"line":48,"column":12},"end":{"line":48,"column":43}},"type":"cond-expr","locations":[{"start":{"line":48,"column":24},"end":{"line":48,"column":25}},{"start":{"line":48,"column":28},"end":{"line":48,"column":43}}],"line":48},"7":{"loc":{"start":{"line":81,"column":2},"end":{"line":85,"column":3}},"type":"if","locations":[{"start":{"line":81,"column":2},"end":{"line":85,"column":3}},{"start":{"line":81,"column":2},"end":{"line":85,"column":3}}],"line":81},"8":{"loc":{"start":{"line":89,"column":4},"end":{"line":94,"column":5}},"type":"if","locations":[{"start":{"line":89,"column":4},"end":{"line":94,"column":5}},{"start":{"line":89,"column":4},"end":{"line":94,"column":5}}],"line":89},"9":{"loc":{"start":{"line":110,"column":2},"end":{"line":114,"column":3}},"type":"if","locations":[{"start":{"line":110,"column":2},"end":{"line":114,"column":3}},{"start":{"line":110,"column":2},"end":{"line":114,"column":3}}],"line":110},"10":{"loc":{"start":{"line":116,"column":2},"end":{"line":120,"column":3}},"type":"if","locations":[{"start":{"line":116,"column":2},"end":{"line":120,"column":3}},{"start":{"line":116,"column":2},"end":{"line":120,"column":3}}],"line":116},"11":{"loc":{"start":{"line":124,"column":4},"end":{"line":134,"column":5}},"type":"if","locations":[{"start":{"line":124,"column":4},"end":{"line":134,"column":5}},{"start":{"line":124,"column":4},"end":{"line":134,"column":5}}],"line":124},"12":{"loc":{"start":{"line":140,"column":21},"end":{"line":140,"column":62}},"type":"cond-expr","locations":[{"start":{"line":140,"column":37},"end":{"line":140,"column":50}},{"start":{"line":140,"column":53},"end":{"line":140,"column":62}}],"line":140},"13":{"loc":{"start":{"line":143,"column":4},"end":{"line":160,"column":5}},"type":"if","locations":[{"start":{"line":143,"column":4},"end":{"line":160,"column":5}},{"start":{"line":143,"column":4},"end":{"line":160,"column":5}}],"line":143},"14":{"loc":{"start":{"line":144,"column":6},"end":{"line":159,"column":7}},"type":"if","locations":[{"start":{"line":144,"column":6},"end":{"line":159,"column":7}},{"start":{"line":144,"column":6},"end":{"line":159,"column":7}}],"line":144},"15":{"loc":{"start":{"line":144,"column":10},"end":{"line":144,"column":60}},"type":"binary-expr","locations":[{"start":{"line":144,"column":10},"end":{"line":144,"column":22}},{"start":{"line":144,"column":26},"end":{"line":144,"column":60}}],"line":144},"16":{"loc":{"start":{"line":150,"column":8},"end":{"line":158,"column":9}},"type":"if","locations":[{"start":{"line":150,"column":8},"end":{"line":158,"column":9}},{"start":{"line":150,"column":8},"end":{"line":158,"column":9}}],"line":150},"17":{"loc":{"start":{"line":150,"column":12},"end":{"line":150,"column":73}},"type":"binary-expr","locations":[{"start":{"line":150,"column":12},"end":{"line":150,"column":29}},{"start":{"line":150,"column":33},"end":{"line":150,"column":73}}],"line":150},"18":{"loc":{"start":{"line":161,"column":4},"end":{"line":163,"column":5}},"type":"if","locations":[{"start":{"line":161,"column":4},"end":{"line":163,"column":5}},{"start":{"line":161,"column":4},"end":{"line":163,"column":5}}],"line":161},"19":{"loc":{"start":{"line":161,"column":8},"end":{"line":161,"column":42}},"type":"binary-expr","locations":[{"start":{"line":161,"column":8},"end":{"line":161,"column":20}},{"start":{"line":161,"column":24},"end":{"line":161,"column":42}}],"line":161},"20":{"loc":{"start":{"line":171,"column":13},"end":{"line":171,"column":76}},"type":"cond-expr","locations":[{"start":{"line":171,"column":28},"end":{"line":171,"column":49}},{"start":{"line":171,"column":52},"end":{"line":171,"column":76}}],"line":171},"21":{"loc":{"start":{"line":188,"column":12},"end":{"line":192,"column":26}},"type":"cond-expr","locations":[{"start":{"line":189,"column":6},"end":{"line":191,"column":29}},{"start":{"line":192,"column":6},"end":{"line":192,"column":26}}],"line":188},"22":{"loc":{"start":{"line":189,"column":6},"end":{"line":191,"column":29}},"type":"cond-expr","locations":[{"start":{"line":190,"column":8},"end":{"line":190,"column":20}},{"start":{"line":191,"column":8},"end":{"line":191,"column":29}}],"line":189},"23":{"loc":{"start":{"line":194,"column":9},"end":{"line":194,"column":55}},"type":"cond-expr","locations":[{"start":{"line":194,"column":26},"end":{"line":194,"column":49}},{"start":{"line":194,"column":52},"end":{"line":194,"column":55}}],"line":194},"24":{"loc":{"start":{"line":200,"column":4},"end":{"line":202,"column":5}},"type":"if","locations":[{"start":{"line":200,"column":4},"end":{"line":202,"column":5}},{"start":{"line":200,"column":4},"end":{"line":202,"column":5}}],"line":200},"25":{"loc":{"start":{"line":207,"column":2},"end":{"line":207,"column":19}},"type":"if","locations":[{"start":{"line":207,"column":2},"end":{"line":207,"column":19}},{"start":{"line":207,"column":2},"end":{"line":207,"column":19}}],"line":207},"26":{"loc":{"start":{"line":208,"column":2},"end":{"line":210,"column":3}},"type":"if","locations":[{"start":{"line":208,"column":2},"end":{"line":210,"column":3}},{"start":{"line":208,"column":2},"end":{"line":210,"column":3}}],"line":208},"27":{"loc":{"start":{"line":211,"column":2},"end":{"line":213,"column":3}},"type":"if","locations":[{"start":{"line":211,"column":2},"end":{"line":213,"column":3}},{"start":{"line":211,"column":2},"end":{"line":213,"column":3}}],"line":211},"28":{"loc":{"start":{"line":218,"column":2},"end":{"line":220,"column":3}},"type":"if","locations":[{"start":{"line":218,"column":2},"end":{"line":220,"column":3}},{"start":{"line":218,"column":2},"end":{"line":220,"column":3}}],"line":218},"29":{"loc":{"start":{"line":228,"column":2},"end":{"line":230,"column":3}},"type":"if","locations":[{"start":{"line":228,"column":2},"end":{"line":230,"column":3}},{"start":{"line":228,"column":2},"end":{"line":230,"column":3}}],"line":228},"30":{"loc":{"start":{"line":228,"column":6},"end":{"line":228,"column":68}},"type":"binary-expr","locations":[{"start":{"line":228,"column":6},"end":{"line":228,"column":14}},{"start":{"line":228,"column":18},"end":{"line":228,"column":27}},{"start":{"line":228,"column":31},"end":{"line":228,"column":68}}],"line":228},"31":{"loc":{"start":{"line":242,"column":4},"end":{"line":252,"column":5}},"type":"if","locations":[{"start":{"line":242,"column":4},"end":{"line":252,"column":5}},{"start":{"line":242,"column":4},"end":{"line":252,"column":5}}],"line":242},"32":{"loc":{"start":{"line":243,"column":6},"end":{"line":245,"column":7}},"type":"if","locations":[{"start":{"line":243,"column":6},"end":{"line":245,"column":7}},{"start":{"line":243,"column":6},"end":{"line":245,"column":7}}],"line":243},"33":{"loc":{"start":{"line":246,"column":6},"end":{"line":251,"column":7}},"type":"if","locations":[{"start":{"line":246,"column":6},"end":{"line":251,"column":7}},{"start":{"line":246,"column":6},"end":{"line":251,"column":7}}],"line":246},"34":{"loc":{"start":{"line":248,"column":8},"end":{"line":250,"column":9}},"type":"if","locations":[{"start":{"line":248,"column":8},"end":{"line":250,"column":9}},{"start":{"line":248,"column":8},"end":{"line":250,"column":9}}],"line":248},"35":{"loc":{"start":{"line":248,"column":12},"end":{"line":248,"column":68}},"type":"binary-expr","locations":[{"start":{"line":248,"column":12},"end":{"line":248,"column":41}},{"start":{"line":248,"column":45},"end":{"line":248,"column":68}}],"line":248},"36":{"loc":{"start":{"line":258,"column":4},"end":{"line":271,"column":5}},"type":"if","locations":[{"start":{"line":258,"column":4},"end":{"line":271,"column":5}},{"start":{"line":258,"column":4},"end":{"line":271,"column":5}}],"line":258},"37":{"loc":{"start":{"line":259,"column":6},"end":{"line":261,"column":7}},"type":"if","locations":[{"start":{"line":259,"column":6},"end":{"line":261,"column":7}},{"start":{"line":259,"column":6},"end":{"line":261,"column":7}}],"line":259},"38":{"loc":{"start":{"line":262,"column":6},"end":{"line":270,"column":7}},"type":"if","locations":[{"start":{"line":262,"column":6},"end":{"line":270,"column":7}},{"start":{"line":262,"column":6},"end":{"line":270,"column":7}}],"line":262},"39":{"loc":{"start":{"line":264,"column":8},"end":{"line":269,"column":9}},"type":"if","locations":[{"start":{"line":264,"column":8},"end":{"line":269,"column":9}},{"start":{"line":264,"column":8},"end":{"line":269,"column":9}}],"line":264},"40":{"loc":{"start":{"line":265,"column":10},"end":{"line":266,"column":41}},"type":"binary-expr","locations":[{"start":{"line":265,"column":10},"end":{"line":265,"column":47}},{"start":{"line":266,"column":10},"end":{"line":266,"column":41}}],"line":265},"41":{"loc":{"start":{"line":285,"column":2},"end":{"line":290,"column":3}},"type":"if","locations":[{"start":{"line":285,"column":2},"end":{"line":290,"column":3}},{"start":{"line":285,"column":2},"end":{"line":290,"column":3}}],"line":285},"42":{"loc":{"start":{"line":286,"column":4},"end":{"line":287,"column":46}},"type":"binary-expr","locations":[{"start":{"line":286,"column":4},"end":{"line":286,"column":35}},{"start":{"line":287,"column":4},"end":{"line":287,"column":46}}],"line":286},"43":{"loc":{"start":{"line":292,"column":2},"end":{"line":322,"column":3}},"type":"if","locations":[{"start":{"line":292,"column":2},"end":{"line":322,"column":3}},{"start":{"line":292,"column":2},"end":{"line":322,"column":3}}],"line":292},"44":{"loc":{"start":{"line":293,"column":4},"end":{"line":295,"column":5}},"type":"if","locations":[{"start":{"line":293,"column":4},"end":{"line":295,"column":5}},{"start":{"line":293,"column":4},"end":{"line":295,"column":5}}],"line":293},"45":{"loc":{"start":{"line":297,"column":6},"end":{"line":318,"column":7}},"type":"if","locations":[{"start":{"line":297,"column":6},"end":{"line":318,"column":7}},{"start":{"line":297,"column":6},"end":{"line":318,"column":7}}],"line":297},"46":{"loc":{"start":{"line":299,"column":8},"end":{"line":304,"column":9}},"type":"if","locations":[{"start":{"line":299,"column":8},"end":{"line":304,"column":9}},{"start":{"line":299,"column":8},"end":{"line":304,"column":9}}],"line":299},"47":{"loc":{"start":{"line":300,"column":10},"end":{"line":301,"column":47}},"type":"binary-expr","locations":[{"start":{"line":300,"column":10},"end":{"line":300,"column":52}},{"start":{"line":301,"column":10},"end":{"line":301,"column":47}}],"line":300},"48":{"loc":{"start":{"line":309,"column":8},"end":{"line":314,"column":9}},"type":"if","locations":[{"start":{"line":309,"column":8},"end":{"line":314,"column":9}},{"start":{"line":309,"column":8},"end":{"line":314,"column":9}}],"line":309},"49":{"loc":{"start":{"line":310,"column":10},"end":{"line":311,"column":48}},"type":"binary-expr","locations":[{"start":{"line":310,"column":10},"end":{"line":310,"column":52}},{"start":{"line":311,"column":10},"end":{"line":311,"column":48}}],"line":310},"50":{"loc":{"start":{"line":315,"column":8},"end":{"line":317,"column":9}},"type":"if","locations":[{"start":{"line":315,"column":8},"end":{"line":317,"column":9}},{"start":{"line":315,"column":8},"end":{"line":317,"column":9}}],"line":315},"51":{"loc":{"start":{"line":324,"column":2},"end":{"line":354,"column":3}},"type":"if","locations":[{"start":{"line":324,"column":2},"end":{"line":354,"column":3}},{"start":{"line":324,"column":2},"end":{"line":354,"column":3}}],"line":324},"52":{"loc":{"start":{"line":325,"column":4},"end":{"line":327,"column":5}},"type":"if","locations":[{"start":{"line":325,"column":4},"end":{"line":327,"column":5}},{"start":{"line":325,"column":4},"end":{"line":327,"column":5}}],"line":325},"53":{"loc":{"start":{"line":329,"column":6},"end":{"line":350,"column":7}},"type":"if","locations":[{"start":{"line":329,"column":6},"end":{"line":350,"column":7}},{"start":{"line":329,"column":6},"end":{"line":350,"column":7}}],"line":329},"54":{"loc":{"start":{"line":331,"column":8},"end":{"line":336,"column":9}},"type":"if","locations":[{"start":{"line":331,"column":8},"end":{"line":336,"column":9}},{"start":{"line":331,"column":8},"end":{"line":336,"column":9}}],"line":331},"55":{"loc":{"start":{"line":332,"column":10},"end":{"line":333,"column":52}},"type":"binary-expr","locations":[{"start":{"line":332,"column":10},"end":{"line":332,"column":57}},{"start":{"line":333,"column":10},"end":{"line":333,"column":52}}],"line":332},"56":{"loc":{"start":{"line":341,"column":8},"end":{"line":346,"column":9}},"type":"if","locations":[{"start":{"line":341,"column":8},"end":{"line":346,"column":9}},{"start":{"line":341,"column":8},"end":{"line":346,"column":9}}],"line":341},"57":{"loc":{"start":{"line":342,"column":10},"end":{"line":343,"column":53}},"type":"binary-expr","locations":[{"start":{"line":342,"column":10},"end":{"line":342,"column":57}},{"start":{"line":343,"column":10},"end":{"line":343,"column":53}}],"line":342},"58":{"loc":{"start":{"line":347,"column":8},"end":{"line":349,"column":9}},"type":"if","locations":[{"start":{"line":347,"column":8},"end":{"line":349,"column":9}},{"start":{"line":347,"column":8},"end":{"line":349,"column":9}}],"line":347},"59":{"loc":{"start":{"line":363,"column":7},"end":{"line":363,"column":20}},"type":"binary-expr","locations":[{"start":{"line":363,"column":7},"end":{"line":363,"column":9}},{"start":{"line":363,"column":13},"end":{"line":363,"column":20}}],"line":363},"60":{"loc":{"start":{"line":364,"column":9},"end":{"line":364,"column":76}},"type":"cond-expr","locations":[{"start":{"line":364,"column":32},"end":{"line":364,"column":52}},{"start":{"line":364,"column":55},"end":{"line":364,"column":76}}],"line":364},"61":{"loc":{"start":{"line":376,"column":4},"end":{"line":376,"column":49}},"type":"if","locations":[{"start":{"line":376,"column":4},"end":{"line":376,"column":49}},{"start":{"line":376,"column":4},"end":{"line":376,"column":49}}],"line":376},"62":{"loc":{"start":{"line":392,"column":4},"end":{"line":394,"column":5}},"type":"if","locations":[{"start":{"line":392,"column":4},"end":{"line":394,"column":5}},{"start":{"line":392,"column":4},"end":{"line":394,"column":5}}],"line":392},"63":{"loc":{"start":{"line":392,"column":8},"end":{"line":392,"column":47}},"type":"binary-expr","locations":[{"start":{"line":392,"column":8},"end":{"line":392,"column":29}},{"start":{"line":392,"column":33},"end":{"line":392,"column":47}}],"line":392},"64":{"loc":{"start":{"line":409,"column":2},"end":{"line":420,"column":3}},"type":"switch","locations":[{"start":{"line":410,"column":4},"end":{"line":411,"column":24}},{"start":{"line":412,"column":4},"end":{"line":413,"column":20}},{"start":{"line":414,"column":4},"end":{"line":415,"column":22}},{"start":{"line":416,"column":4},"end":{"line":417,"column":25}},{"start":{"line":418,"column":4},"end":{"line":419,"column":21}}],"line":409},"65":{"loc":{"start":{"line":422,"column":2},"end":{"line":422,"column":34}},"type":"if","locations":[{"start":{"line":422,"column":2},"end":{"line":422,"column":34}},{"start":{"line":422,"column":2},"end":{"line":422,"column":34}}],"line":422},"66":{"loc":{"start":{"line":423,"column":2},"end":{"line":423,"column":44}},"type":"if","locations":[{"start":{"line":423,"column":2},"end":{"line":423,"column":44}},{"start":{"line":423,"column":2},"end":{"line":423,"column":44}}],"line":423},"67":{"loc":{"start":{"line":424,"column":2},"end":{"line":424,"column":43}},"type":"if","locations":[{"start":{"line":424,"column":2},"end":{"line":424,"column":43}},{"start":{"line":424,"column":2},"end":{"line":424,"column":43}}],"line":424}},"s":{"0":1,"1":1,"2":1,"3":1,"4":0,"5":0,"6":0,"7":0,"8":0,"9":0,"10":0,"11":0,"12":0,"13":0,"14":0,"15":0,"16":0,"17":0,"18":0,"19":0,"20":0,"21":0,"22":0,"23":0,"24":0,"25":0,"26":0,"27":0,"28":0,"29":0,"30":0,"31":0,"32":0,"33":0,"34":0,"35":0,"36":0,"37":0,"38":0,"39":0,"40":0,"41":0,"42":0,"43":0,"44":0,"45":0,"46":0,"47":0,"48":0,"49":0,"50":0,"51":0,"52":0,"53":0,"54":0,"55":0,"56":0,"57":0,"58":0,"59":0,"60":0,"61":0,"62":0,"63":0,"64":0,"65":0,"66":0,"67":0,"68":0,"69":0,"70":0,"71":0,"72":0,"73":0,"74":0,"75":0,"76":0,"77":0,"78":0,"79":0,"80":0,"81":0,"82":0,"83":0,"84":0,"85":0,"86":0,"87":0,"88":0,"89":0,"90":0,"91":0,"92":0,"93":0,"94":0,"95":0,"96":0,"97":0,"98":0,"99":0,"100":0,"101":0,"102":0,"103":0,"104":0,"105":0,"106":0,"107":0,"108":0,"109":0,"110":0,"111":0,"112":0,"113":0,"114":0,"115":0,"116":0,"117":0,"118":0,"119":0,"120":0,"121":0,"122":0,"123":0,"124":0,"125":0,"126":0,"127":0,"128":0,"129":0,"130":0,"131":0,"132":1,"133":0,"134":0,"135":0,"136":0,"137":0,"138":0,"139":1,"140":0,"141":0,"142":0,"143":0,"144":0,"145":0,"146":0,"147":0,"148":0,"149":0,"150":0,"151":0,"152":0,"153":0,"154":0,"155":0,"156":0,"157":0,"158":0},"f":{"0":0,"1":0,"2":0,"3":0,"4":0,"5":0,"6":0,"7":0,"8":0,"9":0,"10":0,"11":0,"12":0,"13":0,"14":0,"15":0,"16":0,"17":0,"18":0,"19":0,"20":0,"21":0,"22":0,"23":0,"24":0,"25":0},"b":{"0":[1,0],"1":[1,0],"2":[0,0],"3":[0,0],"4":[0,0],"5":[0,0],"6":[0,0],"7":[0,0],"8":[0,0],"9":[0,0],"10":[0,0],"11":[0,0],"12":[0,0],"13":[0,0],"14":[0,0],"15":[0,0],"16":[0,0],"17":[0,0],"18":[0,0],"19":[0,0],"20":[0,0],"21":[0,0],"22":[0,0],"23":[0,0],"24":[0,0],"25":[0,0],"26":[0,0],"27":[0,0],"28":[0,0],"29":[0,0],"30":[0,0,0],"31":[0,0],"32":[0,0],"33":[0,0],"34":[0,0],"35":[0,0],"36":[0,0],"37":[0,0],"38":[0,0],"39":[0,0],"40":[0,0],"41":[0,0],"42":[0,0],"43":[0,0],"44":[0,0],"45":[0,0],"46":[0,0],"47":[0,0],"48":[0,0],"49":[0,0],"50":[0,0],"51":[0,0],"52":[0,0],"53":[0,0],"54":[0,0],"55":[0,0],"56":[0,0],"57":[0,0],"58":[0,0],"59":[0,0],"60":[0,0],"61":[0,0],"62":[0,0],"63":[0,0],"64":[0,0,0,0,0],"65":[0,0],"66":[0,0],"67":[0,0]},"_coverageSchema":"1a1c01bbd47fc00a2c39e90264f33305004495a9","hash":"c5b3855dc4231ce5c1294ca771f0c01d1da963d8"}
}
