TN:
SF:integrations/ScriptLoader.js
FN:2,ScriptLoader
FNF:1
FNH:0
FNDA:0,ScriptLoader
DA:3,0
DA:4,0
DA:5,0
DA:6,0
DA:7,0
DA:8,0
DA:9,0
DA:10,0
DA:11,0
LF:9
LH:0
BRF:0
BRH:0
end_of_record
TN:
SF:integrations/client_server_name.js
FNF:0
FNH:0
DA:3,1
LF:1
LH:1
BRF:0
BRH:0
end_of_record
TN:
SF:integrations/integration_cname.js
FNF:0
FNH:0
DA:3,1
LF:1
LH:1
BRF:0
BRH:0
end_of_record
TN:
SF:integrations/GA/browser.js
FN:10,(anonymous_0)
FN:44,(anonymous_1)
FN:51,(anonymous_2)
FN:69,(anonymous_3)
FN:141,(anonymous_4)
FN:162,(anonymous_5)
FN:187,(anonymous_6)
FN:217,(anonymous_7)
FN:266,(anonymous_8)
FN:294,(anonymous_9)
FN:411,(anonymous_10)
FN:451,(anonymous_11)
FN:456,(anonymous_12)
FN:466,(anonymous_13)
FN:603,(anonymous_14)
FN:682,(anonymous_15)
FN:688,(anonymous_16)
FN:711,(anonymous_17)
FN:714,(anonymous_18)
FN:715,(anonymous_19)
FN:725,(anonymous_20)
FN:734,(anonymous_21)
FN:758,(anonymous_22)
FN:772,(anonymous_23)
FN:784,(anonymous_24)
FN:796,(anonymous_25)
FN:811,(anonymous_26)
FN:864,(anonymous_27)
FN:873,(anonymous_28)
FN:904,(anonymous_29)
FN:917,(anonymous_30)
FN:928,(anonymous_31)
FNF:32
FNH:10
FNDA:8,(anonymous_0)
FNDA:0,(anonymous_1)
FNDA:8,(anonymous_2)
FNDA:8,(anonymous_3)
FNDA:0,(anonymous_4)
FNDA:4,(anonymous_5)
FNDA:0,(anonymous_6)
FNDA:0,(anonymous_7)
FNDA:0,(anonymous_8)
FNDA:0,(anonymous_9)
FNDA:0,(anonymous_10)
FNDA:0,(anonymous_11)
FNDA:0,(anonymous_12)
FNDA:0,(anonymous_13)
FNDA:1,(anonymous_14)
FNDA:0,(anonymous_15)
FNDA:0,(anonymous_16)
FNDA:5,(anonymous_17)
FNDA:15,(anonymous_18)
FNDA:0,(anonymous_19)
FNDA:4,(anonymous_20)
FNDA:5,(anonymous_21)
FNDA:0,(anonymous_22)
FNDA:1,(anonymous_23)
FNDA:0,(anonymous_24)
FNDA:0,(anonymous_25)
FNDA:0,(anonymous_26)
FNDA:0,(anonymous_27)
FNDA:0,(anonymous_28)
FNDA:0,(anonymous_29)
FNDA:0,(anonymous_30)
FNDA:0,(anonymous_31)
DA:11,8
DA:12,8
DA:13,8
DA:14,8
DA:15,8
DA:16,8
DA:17,8
DA:18,8
DA:20,8
DA:21,8
DA:22,8
DA:23,8
DA:25,8
DA:26,8
DA:27,8
DA:28,8
DA:29,8
DA:30,8
DA:31,8
DA:32,8
DA:33,8
DA:34,8
DA:35,8
DA:36,8
DA:45,0
DA:52,8
DA:53,8
DA:54,8
DA:55,0
DA:57,8
DA:58,8
DA:59,0
DA:61,8
DA:62,8
DA:63,0
DA:66,8
DA:67,8
DA:70,8
DA:71,8
DA:73,8
DA:104,8
DA:113,8
DA:115,8
DA:116,0
DA:119,8
DA:120,8
DA:121,8
DA:124,8
DA:125,0
DA:129,8
DA:130,0
DA:134,8
DA:135,0
DA:138,8
DA:143,0
DA:144,0
DA:148,0
DA:155,0
DA:157,0
DA:159,0
DA:163,4
DA:165,4
DA:167,4
DA:168,0
DA:169,0
DA:170,0
DA:171,0
DA:174,0
DA:177,0
DA:187,0
DA:188,0
DA:190,0
DA:201,0
DA:204,4
DA:205,0
DA:209,0
DA:210,0
DA:211,0
DA:213,0
DA:217,0
DA:218,0
DA:219,0
DA:221,0
DA:224,0
DA:229,0
DA:230,0
DA:232,0
DA:233,0
DA:235,0
DA:237,0
DA:242,0
DA:247,0
DA:248,0
DA:249,0
DA:252,0
DA:255,0
DA:256,0
DA:257,0
DA:259,0
DA:261,0
DA:266,0
DA:267,0
DA:268,0
DA:269,0
DA:271,0
DA:280,0
DA:281,0
DA:283,0
DA:284,0
DA:285,0
DA:287,0
DA:289,0
DA:294,0
DA:295,0
DA:296,0
DA:305,0
DA:309,0
DA:310,0
DA:312,0
DA:316,0
DA:322,0
DA:323,0
DA:325,0
DA:329,0
DA:335,0
DA:336,0
DA:338,0
DA:339,0
DA:340,0
DA:345,0
DA:346,0
DA:352,0
DA:353,0
DA:355,0
DA:356,0
DA:357,0
DA:362,0
DA:363,0
DA:369,0
DA:370,0
DA:372,0
DA:374,0
DA:378,0
DA:384,0
DA:385,0
DA:387,0
DA:388,0
DA:393,0
DA:399,0
DA:400,0
DA:401,0
DA:403,0
DA:404,0
DA:406,0
DA:411,0
DA:412,0
DA:413,0
DA:417,0
DA:418,0
DA:428,0
DA:438,0
DA:439,0
DA:441,0
DA:443,0
DA:444,0
DA:446,0
DA:447,0
DA:448,0
DA:449,0
DA:450,0
DA:452,0
DA:455,0
DA:457,0
DA:461,0
DA:466,0
DA:467,0
DA:469,0
DA:473,0
DA:476,0
DA:487,0
DA:497,0
DA:498,0
DA:500,0
DA:502,0
DA:503,0
DA:505,0
DA:506,0
DA:507,0
DA:509,0
DA:510,0
DA:511,0
DA:512,0
DA:513,0
DA:514,0
DA:519,0
DA:531,0
DA:533,0
DA:534,0
DA:535,0
DA:536,0
DA:537,0
DA:538,0
DA:541,0
DA:549,0
DA:550,0
DA:554,4
DA:555,4
DA:556,4
DA:558,4
DA:559,4
DA:560,4
DA:561,4
DA:562,4
DA:563,4
DA:568,4
DA:580,4
DA:582,4
DA:583,0
DA:584,0
DA:585,0
DA:586,0
DA:587,0
DA:590,4
DA:598,4
DA:599,4
DA:604,1
DA:606,1
DA:607,1
DA:608,1
DA:609,1
DA:610,1
DA:611,1
DA:612,1
DA:614,1
DA:618,0
DA:619,1
DA:620,0
DA:621,1
DA:622,1
DA:623,0
DA:625,1
DA:626,1
DA:627,1
DA:629,1
DA:630,0
DA:631,0
DA:632,0
DA:633,0
DA:634,0
DA:643,1
DA:644,1
DA:645,0
DA:646,0
DA:647,0
DA:651,1
DA:654,1
DA:658,1
DA:662,1
DA:664,1
DA:666,1
DA:668,1
DA:671,1
DA:672,1
DA:676,1
DA:677,1
DA:679,1
DA:683,0
DA:685,0
DA:689,0
DA:712,5
DA:714,5
DA:715,15
DA:716,0
DA:717,0
DA:718,0
DA:722,5
DA:726,4
DA:727,2
DA:735,5
DA:736,5
DA:737,5
DA:738,0
DA:740,5
DA:741,5
DA:742,0
DA:744,5
DA:745,5
DA:746,0
DA:748,5
DA:754,5
DA:755,0
DA:756,0
DA:758,0
DA:759,0
DA:761,0
DA:773,1
DA:774,1
DA:775,1
DA:776,1
DA:785,0
DA:786,0
DA:788,0
DA:797,0
DA:798,0
DA:799,0
DA:802,0
DA:803,0
DA:812,0
DA:813,0
DA:814,0
DA:816,0
DA:817,0
DA:818,0
DA:820,0
DA:821,0
DA:822,0
DA:825,0
DA:827,0
DA:838,0
DA:839,0
DA:842,0
DA:843,0
DA:844,0
DA:854,0
DA:865,0
DA:866,0
DA:874,0
DA:890,0
DA:891,0
DA:893,0
DA:894,0
DA:897,0
DA:905,0
DA:907,0
DA:912,0
DA:915,0
DA:918,0
DA:929,0
DA:934,0
DA:935,0
LF:340
LH:114
BRDA:12,0,0,8
BRDA:12,0,1,8
BRDA:13,1,0,8
BRDA:13,1,1,5
BRDA:14,2,0,8
BRDA:14,2,1,5
BRDA:15,3,0,8
BRDA:15,3,1,5
BRDA:16,4,0,8
BRDA:16,4,1,8
BRDA:17,5,0,8
BRDA:17,5,1,8
BRDA:18,6,0,8
BRDA:18,6,1,8
BRDA:20,7,0,8
BRDA:20,7,1,8
BRDA:21,8,0,8
BRDA:21,8,1,8
BRDA:22,9,0,8
BRDA:22,9,1,8
BRDA:23,10,0,8
BRDA:23,10,1,8
BRDA:25,11,0,8
BRDA:25,11,1,8
BRDA:26,12,0,8
BRDA:26,12,1,8
BRDA:27,13,0,8
BRDA:27,13,1,8
BRDA:28,14,0,8
BRDA:28,14,1,8
BRDA:29,15,0,8
BRDA:29,15,1,8
BRDA:30,16,0,8
BRDA:30,16,1,8
BRDA:31,17,0,8
BRDA:31,17,1,8
BRDA:32,18,0,8
BRDA:32,18,1,8
BRDA:68,19,0,8
BRDA:68,19,1,1
BRDA:70,20,0,8
BRDA:70,20,1,1
BRDA:115,21,0,0
BRDA:115,21,1,8
BRDA:119,22,0,8
BRDA:119,22,1,0
BRDA:124,23,0,0
BRDA:124,23,1,8
BRDA:129,24,0,0
BRDA:129,24,1,8
BRDA:134,25,0,0
BRDA:134,25,1,8
BRDA:143,26,0,0
BRDA:143,26,1,0
BRDA:143,27,0,0
BRDA:143,27,1,0
BRDA:157,28,0,0
BRDA:157,28,1,0
BRDA:167,29,0,0
BRDA:167,29,1,4
BRDA:167,30,0,4
BRDA:167,30,1,0
BRDA:174,31,0,0
BRDA:174,31,1,0
BRDA:204,32,0,0
BRDA:204,32,1,4
BRDA:205,33,0,0
BRDA:205,33,1,0
BRDA:205,33,2,0
BRDA:205,33,3,0
BRDA:205,33,4,0
BRDA:205,33,5,0
BRDA:205,33,6,0
BRDA:205,33,7,0
BRDA:205,33,8,0
BRDA:205,33,9,0
BRDA:205,33,10,0
BRDA:205,33,11,0
BRDA:205,33,12,0
BRDA:205,33,13,0
BRDA:205,33,14,0
BRDA:225,34,0,0
BRDA:225,34,1,0
BRDA:226,35,0,0
BRDA:226,35,1,0
BRDA:235,36,0,0
BRDA:235,36,1,0
BRDA:238,37,0,0
BRDA:238,37,1,0
BRDA:239,38,0,0
BRDA:239,38,1,0
BRDA:252,39,0,0
BRDA:252,39,1,0
BRDA:252,39,2,0
BRDA:259,40,0,0
BRDA:259,40,1,0
BRDA:287,41,0,0
BRDA:287,41,1,0
BRDA:298,42,0,0
BRDA:298,42,1,0
BRDA:298,42,2,0
BRDA:345,43,0,0
BRDA:345,43,1,0
BRDA:362,44,0,0
BRDA:362,44,1,0
BRDA:379,45,0,0
BRDA:379,45,1,0
BRDA:394,46,0,0
BRDA:394,46,1,0
BRDA:413,47,0,0
BRDA:413,47,1,0
BRDA:414,48,0,0
BRDA:414,48,1,0
BRDA:414,49,0,0
BRDA:414,49,1,0
BRDA:419,50,0,0
BRDA:419,50,1,0
BRDA:421,51,0,0
BRDA:421,51,1,0
BRDA:422,52,0,0
BRDA:422,52,1,0
BRDA:422,52,2,0
BRDA:439,53,0,0
BRDA:439,53,1,0
BRDA:448,54,0,0
BRDA:448,54,1,0
BRDA:449,55,0,0
BRDA:449,55,1,0
BRDA:469,56,0,0
BRDA:469,56,1,0
BRDA:470,57,0,0
BRDA:470,57,1,0
BRDA:470,58,0,0
BRDA:470,58,1,0
BRDA:477,59,0,0
BRDA:477,59,1,0
BRDA:479,60,0,0
BRDA:479,60,1,0
BRDA:480,61,0,0
BRDA:480,61,1,0
BRDA:480,61,2,0
BRDA:498,62,0,0
BRDA:498,62,1,0
BRDA:506,63,0,0
BRDA:506,63,1,0
BRDA:513,64,0,0
BRDA:513,64,1,0
BRDA:514,65,0,0
BRDA:514,65,1,0
BRDA:520,66,0,0
BRDA:520,66,1,0
BRDA:526,67,0,0
BRDA:526,67,1,0
BRDA:533,68,0,0
BRDA:533,68,1,0
BRDA:534,69,0,0
BRDA:534,69,1,0
BRDA:535,70,0,0
BRDA:535,70,1,0
BRDA:536,71,0,0
BRDA:536,71,1,0
BRDA:537,72,0,0
BRDA:537,72,1,0
BRDA:538,73,0,0
BRDA:538,73,1,0
BRDA:555,74,0,4
BRDA:555,74,1,2
BRDA:562,75,0,4
BRDA:562,75,1,0
BRDA:563,76,0,2
BRDA:563,76,1,2
BRDA:569,77,0,4
BRDA:569,77,1,1
BRDA:575,78,0,1
BRDA:575,78,1,3
BRDA:582,79,0,0
BRDA:582,79,1,4
BRDA:583,80,0,0
BRDA:583,80,1,0
BRDA:584,81,0,0
BRDA:584,81,1,0
BRDA:585,82,0,0
BRDA:585,82,1,0
BRDA:586,83,0,0
BRDA:586,83,1,0
BRDA:587,84,0,0
BRDA:587,84,1,0
BRDA:612,85,0,1
BRDA:612,85,1,1
BRDA:614,86,0,0
BRDA:614,86,1,1
BRDA:615,87,0,1
BRDA:615,87,1,0
BRDA:619,88,0,0
BRDA:619,88,1,1
BRDA:621,89,0,1
BRDA:621,89,1,0
BRDA:629,90,0,0
BRDA:629,90,1,1
BRDA:630,91,0,0
BRDA:630,91,1,0
BRDA:631,92,0,0
BRDA:631,92,1,0
BRDA:632,93,0,0
BRDA:632,93,1,0
BRDA:633,94,0,0
BRDA:633,94,1,0
BRDA:634,95,0,0
BRDA:634,95,1,0
BRDA:646,96,0,0
BRDA:646,96,1,0
BRDA:662,97,0,0
BRDA:662,97,1,1
BRDA:666,98,0,0
BRDA:666,98,1,1
BRDA:671,99,0,1
BRDA:671,99,1,0
BRDA:671,100,0,1
BRDA:671,100,1,1
BRDA:676,101,0,1
BRDA:676,101,1,0
BRDA:676,102,0,1
BRDA:676,102,1,1
BRDA:717,103,0,0
BRDA:717,103,1,0
BRDA:718,104,0,0
BRDA:718,104,1,0
BRDA:718,105,0,0
BRDA:718,105,1,0
BRDA:726,106,0,2
BRDA:726,106,1,2
BRDA:726,107,0,4
BRDA:726,107,1,2
BRDA:754,108,0,0
BRDA:754,108,1,5
BRDA:755,109,0,0
BRDA:755,109,1,0
BRDA:773,110,0,0
BRDA:773,110,1,1
BRDA:775,111,0,0
BRDA:775,111,1,1
BRDA:775,112,0,1
BRDA:775,112,1,0
BRDA:785,113,0,0
BRDA:785,113,1,0
BRDA:787,114,0,0
BRDA:787,114,1,0
BRDA:797,115,0,0
BRDA:797,115,1,0
BRDA:828,116,0,0
BRDA:828,116,1,0
BRDA:828,116,2,0
BRDA:838,117,0,0
BRDA:838,117,1,0
BRDA:843,118,0,0
BRDA:843,118,1,0
BRDA:866,119,0,0
BRDA:866,119,1,0
BRDA:877,120,0,0
BRDA:877,120,1,0
BRDA:878,121,0,0
BRDA:878,121,1,0
BRDA:893,122,0,0
BRDA:893,122,1,0
BRDA:907,123,0,0
BRDA:907,123,1,0
BRDA:908,124,0,0
BRDA:908,124,1,0
BRDA:908,124,2,0
BRDA:935,125,0,0
BRDA:935,125,1,0
BRF:271
BRH:83
end_of_record
TN:
SF:utils/logUtil.js
FN:9,(anonymous_0)
FN:23,(anonymous_1)
FN:29,(anonymous_2)
FN:35,(anonymous_3)
FN:41,(anonymous_4)
FNF:5
FNH:1
FNDA:0,(anonymous_0)
FNDA:0,(anonymous_1)
FNDA:13,(anonymous_2)
FNDA:0,(anonymous_3)
FNDA:0,(anonymous_4)
DA:1,1
DA:2,1
DA:3,1
DA:4,1
DA:5,1
DA:7,1
DA:10,0
DA:12,0
DA:13,0
DA:15,0
DA:16,0
DA:18,0
DA:19,0
DA:24,0
DA:25,0
DA:30,13
DA:31,0
DA:36,0
DA:37,0
DA:42,0
DA:43,0
LF:21
LH:7
BRDA:10,0,0,0
BRDA:10,0,1,0
BRDA:10,0,2,0
BRDA:24,1,0,0
BRDA:24,1,1,0
BRDA:30,2,0,0
BRDA:30,2,1,13
BRDA:36,3,0,0
BRDA:36,3,1,0
BRDA:42,4,0,0
BRDA:42,4,1,0
BRF:11
BRH:1
end_of_record
TN:
SF:utils/utils.js
FN:23,replacer
FN:36,generateUUID
FN:45,(anonymous_2)
FN:57,getCurrentTimeFormatted
FN:78,getJSON
FN:87,(anonymous_5)
FN:106,getJSONTrimmed
FN:122,(anonymous_7)
FN:139,handleError
FN:169,getDefaultPageProperties
FN:186,getUrl
FN:197,getCanonicalUrl
FN:206,getCurrency
FN:223,getRevenue
FN:240,tranformToRudderNames
FN:241,(anonymous_15)
FN:256,transformToServerNames
FN:257,(anonymous_17)
FN:280,findAllEnabledDestinations
FN:296,(anonymous_19)
FN:328,(anonymous_20)
FN:362,rejectArr
FN:372,(anonymous_22)
FN:388,(anonymous_23)
FN:400,compact
FN:408,type
FNF:26
FNH:0
FNDA:0,replacer
FNDA:0,generateUUID
FNDA:0,(anonymous_2)
FNDA:0,getCurrentTimeFormatted
FNDA:0,getJSON
FNDA:0,(anonymous_5)
FNDA:0,getJSONTrimmed
FNDA:0,(anonymous_7)
FNDA:0,handleError
FNDA:0,getDefaultPageProperties
FNDA:0,getUrl
FNDA:0,getCanonicalUrl
FNDA:0,getCurrency
FNDA:0,getRevenue
FNDA:0,tranformToRudderNames
FNDA:0,(anonymous_15)
FNDA:0,transformToServerNames
FNDA:0,(anonymous_17)
FNDA:0,findAllEnabledDestinations
FNDA:0,(anonymous_19)
FNDA:0,(anonymous_20)
FNDA:0,rejectArr
FNDA:0,(anonymous_22)
FNDA:0,(anonymous_23)
FNDA:0,compact
FNDA:0,type
DA:7,1
DA:8,1
DA:12,1
DA:13,1
DA:24,0
DA:25,0
DA:27,0
DA:38,0
DA:39,0
DA:43,0
DA:45,0
DA:46,0
DA:47,0
DA:48,0
DA:58,0
DA:67,0
DA:81,0
DA:82,0
DA:84,0
DA:86,0
DA:87,0
DA:88,0
DA:89,0
DA:90,0
DA:91,0
DA:93,0
DA:96,0
DA:108,0
DA:110,0
DA:111,0
DA:113,0
DA:115,0
DA:116,0
DA:117,0
DA:119,0
DA:122,0
DA:123,0
DA:124,0
DA:125,0
DA:126,0
DA:128,0
DA:133,0
DA:136,0
DA:140,0
DA:141,0
DA:142,0
DA:143,0
DA:144,0
DA:145,0
DA:150,0
DA:151,0
DA:152,0
DA:161,0
DA:162,0
DA:165,0
DA:170,0
DA:171,0
DA:172,0
DA:173,0
DA:174,0
DA:175,0
DA:177,0
DA:187,0
DA:188,0
DA:193,0
DA:194,0
DA:198,0
DA:199,0
DA:200,0
DA:201,0
DA:207,0
DA:208,0
DA:209,0
DA:211,0
DA:212,0
DA:215,0
DA:216,0
DA:218,0
DA:219,0
DA:224,0
DA:225,0
DA:228,0
DA:229,0
DA:232,0
DA:241,0
DA:242,0
DA:243,0
DA:244,0
DA:246,0
DA:248,0
DA:249,0
DA:257,0
DA:258,0
DA:259,0
DA:260,0
DA:262,0
DA:264,0
DA:268,0
DA:284,0
DA:285,0
DA:289,0
DA:291,0
DA:292,0
DA:293,0
DA:294,0
DA:296,0
DA:297,0
DA:299,0
DA:303,0
DA:307,0
DA:309,0
DA:313,0
DA:315,0
DA:316,0
DA:321,0
DA:324,0
DA:325,0
DA:326,0
DA:328,0
DA:329,0
DA:331,0
DA:335,0
DA:339,0
DA:341,0
DA:345,0
DA:347,0
DA:348,0
DA:353,0
DA:363,0
DA:364,0
DA:372,1
DA:373,0
DA:375,0
DA:376,0
DA:379,0
DA:388,1
DA:389,0
DA:391,0
DA:392,0
DA:393,0
DA:397,0
DA:401,0
DA:409,0
DA:411,0
DA:413,0
DA:415,0
DA:417,0
DA:419,0
DA:422,0
DA:423,0
DA:424,0
DA:426,0
LF:152
LH:6
BRDA:7,0,0,1
BRDA:7,0,1,0
BRDA:12,1,0,1
BRDA:12,1,1,0
BRDA:24,2,0,0
BRDA:24,2,1,0
BRDA:24,3,0,0
BRDA:24,3,1,0
BRDA:39,4,0,0
BRDA:39,4,1,0
BRDA:40,5,0,0
BRDA:40,5,1,0
BRDA:48,6,0,0
BRDA:48,6,1,0
BRDA:81,7,0,0
BRDA:81,7,1,0
BRDA:89,8,0,0
BRDA:89,8,1,0
BRDA:110,9,0,0
BRDA:110,9,1,0
BRDA:116,10,0,0
BRDA:116,10,1,0
BRDA:124,11,0,0
BRDA:124,11,1,0
BRDA:140,12,0,0
BRDA:140,12,1,0
BRDA:143,13,0,0
BRDA:143,13,1,0
BRDA:144,14,0,0
BRDA:144,14,1,0
BRDA:144,15,0,0
BRDA:144,15,1,0
BRDA:150,16,0,0
BRDA:150,16,1,0
BRDA:150,17,0,0
BRDA:150,17,1,0
BRDA:161,18,0,0
BRDA:161,18,1,0
BRDA:161,19,0,0
BRDA:161,19,1,0
BRDA:171,20,0,0
BRDA:171,20,1,0
BRDA:188,21,0,0
BRDA:188,21,1,0
BRDA:189,22,0,0
BRDA:189,22,1,0
BRDA:194,23,0,0
BRDA:194,23,1,0
BRDA:200,24,0,0
BRDA:200,24,1,0
BRDA:207,25,0,0
BRDA:207,25,1,0
BRDA:208,26,0,0
BRDA:208,26,1,0
BRDA:211,27,0,0
BRDA:211,27,1,0
BRDA:218,28,0,0
BRDA:218,28,1,0
BRDA:228,29,0,0
BRDA:228,29,1,0
BRDA:228,30,0,0
BRDA:228,30,1,0
BRDA:228,30,2,0
BRDA:242,31,0,0
BRDA:242,31,1,0
BRDA:243,32,0,0
BRDA:243,32,1,0
BRDA:246,33,0,0
BRDA:246,33,1,0
BRDA:248,34,0,0
BRDA:248,34,1,0
BRDA:248,35,0,0
BRDA:248,35,1,0
BRDA:258,36,0,0
BRDA:258,36,1,0
BRDA:259,37,0,0
BRDA:259,37,1,0
BRDA:262,38,0,0
BRDA:262,38,1,0
BRDA:264,39,0,0
BRDA:264,39,1,0
BRDA:265,40,0,0
BRDA:265,40,1,0
BRDA:285,41,0,0
BRDA:285,41,1,0
BRDA:286,42,0,0
BRDA:286,42,1,0
BRDA:292,43,0,0
BRDA:292,43,1,0
BRDA:293,44,0,0
BRDA:293,44,1,0
BRDA:297,45,0,0
BRDA:297,45,1,0
BRDA:299,46,0,0
BRDA:299,46,1,0
BRDA:300,47,0,0
BRDA:300,47,1,0
BRDA:309,48,0,0
BRDA:309,48,1,0
BRDA:310,49,0,0
BRDA:310,49,1,0
BRDA:315,50,0,0
BRDA:315,50,1,0
BRDA:324,51,0,0
BRDA:324,51,1,0
BRDA:325,52,0,0
BRDA:325,52,1,0
BRDA:329,53,0,0
BRDA:329,53,1,0
BRDA:331,54,0,0
BRDA:331,54,1,0
BRDA:332,55,0,0
BRDA:332,55,1,0
BRDA:341,56,0,0
BRDA:341,56,1,0
BRDA:342,57,0,0
BRDA:342,57,1,0
BRDA:347,58,0,0
BRDA:347,58,1,0
BRDA:363,59,0,0
BRDA:363,59,1,0
BRDA:364,60,0,0
BRDA:364,60,1,0
BRDA:376,61,0,0
BRDA:376,61,1,0
BRDA:392,62,0,0
BRDA:392,62,1,0
BRDA:392,63,0,0
BRDA:392,63,1,0
BRDA:409,64,0,0
BRDA:409,64,1,0
BRDA:409,64,2,0
BRDA:409,64,3,0
BRDA:409,64,4,0
BRDA:422,65,0,0
BRDA:422,65,1,0
BRDA:423,66,0,0
BRDA:423,66,1,0
BRDA:424,67,0,0
BRDA:424,67,1,0
BRF:140
BRH:2
end_of_record
